#
# A fatal error has been detected by the Java Runtime Environment:
#
#  EXCEPTION_ACCESS_VIOLATION (0xc0000005) at pc=0x00007ffd84b4c294, pid=21120, tid=24568
#
# JRE version: Java(TM) SE Runtime Environment (17.0.10+11) (build 17.0.10+11-LTS-240)
# Java VM: Java HotSpot(TM) 64-Bit Server VM (17.0.10+11-LTS-240, mixed mode, sharing, tiered, compressed oops, compressed class ptrs, g1 gc, windows-amd64)
# Problematic frame:
# C  [cyjagent.dll+0xc294]
#
# No core dump will be written. Minidumps are not enabled by default on client versions of Windows
#
# If you would like to submit a bug report, please visit:
#   https://bugreport.java.com/bugreport/crash.jsp
# The crash happened outside the Java Virtual Machine in native code.
# See problematic frame for where to report the bug.
#

---------------  S U M M A R Y ------------

Command Line: -javaagent:D:\IntelliJ IDEA Community Edition 2023.3.2\lib\idea_rt.jar=63055:D:\IntelliJ IDEA Community Edition 2023.3.2\bin -Dfile.encoding=UTF-8 -agentpath:C:\Program Files\Palo Alto Networks\Traps\cyjagent.dll JavaDailyPractice.day2

Host: Intel(R) Core(TM) i5-1035G1 CPU @ 1.00GHz, 8 cores, 11G,  Windows 11 , 64 bit Build 22621 (10.0.22621.3235)
Time: Wed Apr  3 12:55:20 2024 India Standard Time elapsed time: 0.150632 seconds (0d 0h 0m 0s)

---------------  T H R E A D  ---------------

Current thread (0x000001e22bd0a300):  JavaThread "Monitor Ctrl-Break" daemon [_thread_in_native, id=24568, stack(0x00000020ca600000,0x00000020ca700000)]

Stack: [0x00000020ca600000,0x00000020ca700000],  sp=0x00000020ca6fd9d0,  free space=1014k
Native frames: (J=compiled Java code, j=interpreted, Vv=VM code, C=native code)
C  [cyjagent.dll+0xc294]

Java frames: (J=compiled Java code, j=interpreted, Vv=VM code)
j  java.net.InetAddress.createNameService()Ljava/net/InetAddress$NameService;+22 java.base@17.0.10
j  java.net.InetAddress.<clinit>()V+118 java.base@17.0.10
v  ~StubRoutines::call_stub
j  java.net.InetSocketAddress.<init>(Ljava/lang/String;I)V+15 java.base@17.0.10
j  java.net.Socket.<init>(Ljava/lang/String;I)V+11 java.base@17.0.10
j  com.intellij.rt.execution.application.AppMainV2$1.run()V+10
v  ~StubRoutines::call_stub

siginfo: EXCEPTION_ACCESS_VIOLATION (0xc0000005), reading address 0x0000000000000000


Registers:
RAX=0x0000000000000000, RBX=0x000001e22bd0a5b0, RCX=0x0000000000000000, RDX=0x000001e208c37710
RSP=0x00000020ca6fd9d0, RBP=0x000001e20ac4f8d0, RSI=0x0000000000000000, RDI=0x000001e22bbbe1b0
R8 =0x00000020ca6fd848, R9 =0x0000000000000000, R10=0x0000000000000000, R11=0x0000000000000246
R12=0x000001e22bbbe1b0, R13=0x0000000000000000, R14=0x00000020ca6fdbf0, R15=0x0000000000000000
RIP=0x00007ffd84b4c294, EFLAGS=0x0000000000010202


Register to memory mapping:

RIP=0x00007ffd84b4c294 cyjagent.dll
RAX=0x0 is NULL
RBX=0x000001e22bd0a5b0 points into unknown readable memory: 0x00007ffd07a22670 | 70 26 a2 07 fd 7f 00 00
RCX=0x0 is NULL
RDX=0x000001e208c37710 points into unknown readable memory: 0x000001e22bd0a300 | 00 a3 d0 2b e2 01 00 00
RSP=0x00000020ca6fd9d0 is pointing into the stack for thread: 0x000001e22bd0a300
RBP=0x000001e20ac4f8d0 points into unknown readable memory: 0x000001e20aba9f30 | 30 9f ba 0a e2 01 00 00
RSI=0x0 is NULL
RDI=0x000001e22bbbe1b0 points into unknown readable memory: 0x74656e2f6176616a | 6a 61 76 61 2f 6e 65 74
R8 =0x00000020ca6fd848 is pointing into the stack for thread: 0x000001e22bd0a300
R9 =0x0 is NULL
R10=0x0 is NULL
R11=0x0000000000000246 is an unknown value
R12=0x000001e22bbbe1b0 points into unknown readable memory: 0x74656e2f6176616a | 6a 61 76 61 2f 6e 65 74
R13=0x0 is NULL
R14=0x00000020ca6fdbf0 is pointing into the stack for thread: 0x000001e22bd0a300
R15=0x0 is NULL


Top of Stack: (sp=0x00000020ca6fd9d0)
0x00000020ca6fd9d0:   000001e22bbbe1b0 000001e22bd0a5b0
0x00000020ca6fd9e0:   0000000000000195 00007ffd0738894a
0x00000020ca6fd9f0:   0000000000000000 00000000000003d8
0x00000020ca6fda00:   000001e22c56f920 000001e20ac4f8d0
0x00000020ca6fda10:   0000000000000020 000001e22bc2dc50
0x00000020ca6fda20:   000001e20b2bf5d0 000001e22bd0a300
0x00000020ca6fda30:   00000020ca6fdc28 00007ffd074a40e6
0x00000020ca6fda40:   000001e20b2bf5d0 000001e22bd0a300
0x00000020ca6fda50:   0000000000000000 0000000000000195
0x00000020ca6fda60:   000001e22bbbe1b0 0000000000000000
0x00000020ca6fda70:   000001e200000195 000001e22bbbdfe0
0x00000020ca6fda80:   00000020ca6fdb78 00000020ca6fda98
0x00000020ca6fda90:   0000000000000000 0000000000000000
0x00000020ca6fdaa0:   0000000000000000 0000000000000000
0x00000020ca6fdab0:   000001e22bcd60c0 000001e22bbbdf70
0x00000020ca6fdac0:   000001e22bbbe1e0 000001e22bbbe358 

Instructions: (pc=0x00007ffd84b4c294)
0x00007ffd84b4c194:   00 00 03 72 2d 44 8b ce 48 8d 05 6d df 01 00 ba
0x00007ffd84b4c1a4:   2f 00 00 00 4e 8b 0c c8 48 8b 89 f0 02 00 00 4c
0x00007ffd84b4c1b4:   8d 05 86 de 01 00 e8 81 4f ff ff 48 8b 0d 1a 38
0x00007ffd84b4c1c4:   02 00 48 3b cb 74 68 f6 81 fc 02 00 00 10 74 5f
0x00007ffd84b4c1d4:   80 b9 f9 02 00 00 02 72 56 4c 8b 8c 24 90 00 00
0x00007ffd84b4c1e4:   00 4c 8d 05 54 de 01 00 48 8b 89 f0 02 00 00 ba
0x00007ffd84b4c1f4:   31 00 00 00 e8 43 4f ff ff eb 34 49 8b 0f 4c 8b
0x00007ffd84b4c204:   c3 48 8b d6 e8 f3 63 00 00 48 8b 84 24 b0 00 00
0x00007ffd84b4c214:   00 89 18 48 8b 0d aa 4b 02 00 4c 8b c6 33 d2 ff
0x00007ffd84b4c224:   15 9f 4f 01 00 eb 08 a8 02 75 04 c6 47 40 01 b8
0x00007ffd84b4c234:   ff ff ff ff f0 0f c1 47 10 4c 8b b4 24 88 00 00
0x00007ffd84b4c244:   00 83 f8 01 75 42 48 8b 4f 18 48 81 c1 70 01 00
0x00007ffd84b4c254:   00 ff 15 4d 50 01 00 48 8b 0f 48 8b 47 08 48 89
0x00007ffd84b4c264:   08 48 89 41 08 48 8b 4f 18 48 81 c1 70 01 00 00
0x00007ffd84b4c274:   ff 15 36 50 01 00 48 8b 0d 47 4b 02 00 4c 8b c7
0x00007ffd84b4c284:   33 d2 ff 15 3c 4f 01 00 48 8b 4d 20 48 8b 55 10
0x00007ffd84b4c294:   48 8b 01 48 8b 80 08 01 00 00 ff 15 3c 50 01 00
0x00007ffd84b4c2a4:   85 c0 74 40 48 8b 0d 31 37 02 00 48 8d 15 2a 37
0x00007ffd84b4c2b4:   02 00 48 3b ca 74 2d f6 81 fc 02 00 00 10 74 24
0x00007ffd84b4c2c4:   80 b9 f9 02 00 00 03 72 1b 48 8b 89 f0 02 00 00
0x00007ffd84b4c2d4:   4c 8d 05 65 dd 01 00 ba 15 00 00 00 44 8b c8 e8
0x00007ffd84b4c2e4:   98 4d ff ff 48 8b 6c 24 78 48 8b b4 24 80 00 00
0x00007ffd84b4c2f4:   00 48 83 c4 50 41 5f 5f 5b c3 cc cc 40 57 48 83
0x00007ffd84b4c304:   ec 30 f6 81 78 01 00 00 04 48 8b f9 0f 85 87 02
0x00007ffd84b4c314:   00 00 48 89 5c 24 40 45 33 c9 48 89 6c 24 48 33
0x00007ffd84b4c324:   d2 48 89 74 24 50 48 8b 71 20 45 8d 41 32 48 8b
0x00007ffd84b4c334:   ce 48 8b 06 48 8b 40 08 ff 15 9e 4f 01 00 48 8d
0x00007ffd84b4c344:   2d 97 36 02 00 85 c0 74 37 48 8b 0d 8c 36 02 00
0x00007ffd84b4c354:   48 3b cd 74 2b f6 81 fc 02 00 00 10 74 22 80 b9
0x00007ffd84b4c364:   f9 02 00 00 02 72 19 48 8b 89 f0 02 00 00 ba 11
0x00007ffd84b4c374:   00 00 00 89 44 24 20 44 8d 4a 21 e8 7c dc ff ff
0x00007ffd84b4c384:   48 8b 06 45 33 c9 33 d2 48 8b ce 48 8b 40 08 45 


Stack slot to memory mapping:
stack at sp + 0 slots: 0x000001e22bbbe1b0 points into unknown readable memory: 0x74656e2f6176616a | 6a 61 76 61 2f 6e 65 74
stack at sp + 1 slots: 0x000001e22bd0a5b0 points into unknown readable memory: 0x00007ffd07a22670 | 70 26 a2 07 fd 7f 00 00
stack at sp + 2 slots: 0x0000000000000195 is an unknown value
stack at sp + 3 slots: 0x00007ffd0738894a jvm.dll
stack at sp + 4 slots: 0x0 is NULL
stack at sp + 5 slots: 0x00000000000003d8 is an unknown value
stack at sp + 6 slots: 0x000001e22c56f920 is pointing into metadata
stack at sp + 7 slots: 0x000001e20ac4f8d0 points into unknown readable memory: 0x000001e20aba9f30 | 30 9f ba 0a e2 01 00 00


---------------  P R O C E S S  ---------------

Threads class SMR info:
_java_thread_list=0x000001e22bdd19b0, length=13, elements={
0x000001e22b810fa0, 0x000001e22b813b70, 0x000001e22bb6edf0, 0x000001e22bb6f8c0,
0x000001e22bb72490, 0x000001e22bb74e60, 0x000001e22bb79100, 0x000001e22bb89bf0,
0x000001e22bb8a5f0, 0x000001e22bc361c0, 0x000001e22b7ef2d0, 0x000001e22bd0a300,
0x000001e22bd0b0a0
}

Java Threads: ( => current thread )
  0x000001e22b810fa0 JavaThread "Reference Handler" daemon [_thread_blocked, id=31368, stack(0x00000020c9b00000,0x00000020c9c00000)]
  0x000001e22b813b70 JavaThread "Finalizer" daemon [_thread_blocked, id=14900, stack(0x00000020c9c00000,0x00000020c9d00000)]
  0x000001e22bb6edf0 JavaThread "Signal Dispatcher" daemon [_thread_blocked, id=34028, stack(0x00000020c9d00000,0x00000020c9e00000)]
  0x000001e22bb6f8c0 JavaThread "Attach Listener" daemon [_thread_blocked, id=27656, stack(0x00000020c9e00000,0x00000020c9f00000)]
  0x000001e22bb72490 JavaThread "Service Thread" daemon [_thread_blocked, id=33800, stack(0x00000020c9f00000,0x00000020ca000000)]
  0x000001e22bb74e60 JavaThread "Monitor Deflation Thread" daemon [_thread_blocked, id=20072, stack(0x00000020ca000000,0x00000020ca100000)]
  0x000001e22bb79100 JavaThread "C2 CompilerThread0" daemon [_thread_blocked, id=26840, stack(0x00000020ca100000,0x00000020ca200000)]
  0x000001e22bb89bf0 JavaThread "C1 CompilerThread0" daemon [_thread_blocked, id=29404, stack(0x00000020ca200000,0x00000020ca300000)]
  0x000001e22bb8a5f0 JavaThread "Sweeper thread" daemon [_thread_blocked, id=25476, stack(0x00000020ca300000,0x00000020ca400000)]
  0x000001e22bc361c0 JavaThread "Common-Cleaner" daemon [_thread_blocked, id=24172, stack(0x00000020ca400000,0x00000020ca500000)]
  0x000001e22b7ef2d0 JavaThread "C2 CompilerThread1" daemon [_thread_blocked, id=31204, stack(0x00000020ca500000,0x00000020ca600000)]
=>0x000001e22bd0a300 JavaThread "Monitor Ctrl-Break" daemon [_thread_in_native, id=24568, stack(0x00000020ca600000,0x00000020ca700000)]
  0x000001e22bd0b0a0 JavaThread "Notification Thread" daemon [_thread_blocked, id=1564, stack(0x00000020ca700000,0x00000020ca800000)]

Other Threads:
  0x000001e22b80acb0 VMThread "VM Thread" [stack: 0x00000020c9a00000,0x00000020c9b00000] [id=30660] _threads_hazard_ptr=0x000001e22bdd19b0
  0x000001e20b327750 GCTaskThread "GC Thread#0" [stack: 0x00000020c9500000,0x00000020c9600000] [id=1804]
  0x000001e20b335380 ConcurrentGCThread "G1 Main Marker" terminated
  0x000001e20b336900 ConcurrentGCThread "G1 Conc#0" [stack: 0x00000020c9700000,0x00000020c9800000] [id=31040]
  0x000001e22b6b6d70 ConcurrentGCThread "G1 Refine#0" terminated
  0x000001e22b6b77a0 ConcurrentGCThread "G1 Service" terminated

Threads with active compile tasks:
C1 CompilerThread0      304  165       3       java.lang.invoke.MemberName::testAnyFlags (15 bytes)

VM state: at safepoint (normal execution)

VM Mutex/Monitor currently owned by a thread:  ([mutex/lock_event])
[0x000001e20b2cc1a0] Threads_lock - owner thread: 0x000001e22b80acb0
[0x000001e20b2cc500] Heap_lock - owner thread: 0x000001e20b2d01c0

Heap address: 0x0000000743200000, size: 3022 MB, Compressed Oops mode: Zero based, Oop shift amount: 3

CDS archive(s) mapped at: [0x000001e22c000000-0x000001e22cbd0000-0x000001e22cbd0000), size 12386304, SharedBaseAddress: 0x000001e22c000000, ArchiveRelocationMode: 1.
Compressed class space mapped at: 0x000001e22d000000-0x000001e26d000000, reserved size: 1073741824
Narrow klass base: 0x000001e22c000000, Narrow klass shift: 0, Narrow klass range: 0x100000000

GC Precious Log:
 CPUs: 8 total, 8 available
 Memory: 12083M
 Large Page Support: Disabled
 NUMA Support: Disabled
 Compressed Oops: Enabled (Zero based)
 Heap Region Size: 2M
 Heap Min Capacity: 8M
 Heap Initial Capacity: 190M
 Heap Max Capacity: 3022M
 Pre-touch: Disabled
 Parallel Workers: 8
 Concurrent Workers: 2
 Concurrent Refinement Workers: 8
 Periodic GC: Disabled

Heap:
 garbage-first heap   total 194560K, used 2048K [0x0000000743200000, 0x0000000800000000)
  region size 2048K, 2 young (4096K), 0 survivors (0K)
 Metaspace       used 480K, committed 640K, reserved 1114112K
  class space    used 25K, committed 128K, reserved 1048576K

Heap Regions: E=young(eden), S=young(survivor), O=old, HS=humongous(starts), HC=humongous(continues), CS=collection set, F=free, OA=open archive, CA=closed archive, TAMS=top-at-mark-start (previous, next)
|   0|0x0000000743200000, 0x0000000743200000, 0x0000000743400000|  0%| F|  |TAMS 0x0000000743200000, 0x0000000743200000| Untracked 
|   1|0x0000000743400000, 0x0000000743400000, 0x0000000743600000|  0%| F|  |TAMS 0x0000000743400000, 0x0000000743400000| Untracked 
|   2|0x0000000743600000, 0x0000000743600000, 0x0000000743800000|  0%| F|  |TAMS 0x0000000743600000, 0x0000000743600000| Untracked 
|   3|0x0000000743800000, 0x0000000743800000, 0x0000000743a00000|  0%| F|  |TAMS 0x0000000743800000, 0x0000000743800000| Untracked 
|   4|0x0000000743a00000, 0x0000000743a00000, 0x0000000743c00000|  0%| F|  |TAMS 0x0000000743a00000, 0x0000000743a00000| Untracked 
|   5|0x0000000743c00000, 0x0000000743c00000, 0x0000000743e00000|  0%| F|  |TAMS 0x0000000743c00000, 0x0000000743c00000| Untracked 
|   6|0x0000000743e00000, 0x0000000743e00000, 0x0000000744000000|  0%| F|  |TAMS 0x0000000743e00000, 0x0000000743e00000| Untracked 
|   7|0x0000000744000000, 0x0000000744000000, 0x0000000744200000|  0%| F|  |TAMS 0x0000000744000000, 0x0000000744000000| Untracked 
|   8|0x0000000744200000, 0x0000000744200000, 0x0000000744400000|  0%| F|  |TAMS 0x0000000744200000, 0x0000000744200000| Untracked 
|   9|0x0000000744400000, 0x0000000744400000, 0x0000000744600000|  0%| F|  |TAMS 0x0000000744400000, 0x0000000744400000| Untracked 
|  10|0x0000000744600000, 0x0000000744600000, 0x0000000744800000|  0%| F|  |TAMS 0x0000000744600000, 0x0000000744600000| Untracked 
|  11|0x0000000744800000, 0x0000000744800000, 0x0000000744a00000|  0%| F|  |TAMS 0x0000000744800000, 0x0000000744800000| Untracked 
|  12|0x0000000744a00000, 0x0000000744a00000, 0x0000000744c00000|  0%| F|  |TAMS 0x0000000744a00000, 0x0000000744a00000| Untracked 
|  13|0x0000000744c00000, 0x0000000744c00000, 0x0000000744e00000|  0%| F|  |TAMS 0x0000000744c00000, 0x0000000744c00000| Untracked 
|  14|0x0000000744e00000, 0x0000000744e00000, 0x0000000745000000|  0%| F|  |TAMS 0x0000000744e00000, 0x0000000744e00000| Untracked 
|  15|0x0000000745000000, 0x0000000745000000, 0x0000000745200000|  0%| F|  |TAMS 0x0000000745000000, 0x0000000745000000| Untracked 
|  16|0x0000000745200000, 0x0000000745200000, 0x0000000745400000|  0%| F|  |TAMS 0x0000000745200000, 0x0000000745200000| Untracked 
|  17|0x0000000745400000, 0x0000000745400000, 0x0000000745600000|  0%| F|  |TAMS 0x0000000745400000, 0x0000000745400000| Untracked 
|  18|0x0000000745600000, 0x0000000745600000, 0x0000000745800000|  0%| F|  |TAMS 0x0000000745600000, 0x0000000745600000| Untracked 
|  19|0x0000000745800000, 0x0000000745800000, 0x0000000745a00000|  0%| F|  |TAMS 0x0000000745800000, 0x0000000745800000| Untracked 
|  20|0x0000000745a00000, 0x0000000745a00000, 0x0000000745c00000|  0%| F|  |TAMS 0x0000000745a00000, 0x0000000745a00000| Untracked 
|  21|0x0000000745c00000, 0x0000000745c00000, 0x0000000745e00000|  0%| F|  |TAMS 0x0000000745c00000, 0x0000000745c00000| Untracked 
|  22|0x0000000745e00000, 0x0000000745e00000, 0x0000000746000000|  0%| F|  |TAMS 0x0000000745e00000, 0x0000000745e00000| Untracked 
|  23|0x0000000746000000, 0x0000000746000000, 0x0000000746200000|  0%| F|  |TAMS 0x0000000746000000, 0x0000000746000000| Untracked 
|  24|0x0000000746200000, 0x0000000746200000, 0x0000000746400000|  0%| F|  |TAMS 0x0000000746200000, 0x0000000746200000| Untracked 
|  25|0x0000000746400000, 0x0000000746400000, 0x0000000746600000|  0%| F|  |TAMS 0x0000000746400000, 0x0000000746400000| Untracked 
|  26|0x0000000746600000, 0x0000000746600000, 0x0000000746800000|  0%| F|  |TAMS 0x0000000746600000, 0x0000000746600000| Untracked 
|  27|0x0000000746800000, 0x0000000746800000, 0x0000000746a00000|  0%| F|  |TAMS 0x0000000746800000, 0x0000000746800000| Untracked 
|  28|0x0000000746a00000, 0x0000000746a00000, 0x0000000746c00000|  0%| F|  |TAMS 0x0000000746a00000, 0x0000000746a00000| Untracked 
|  29|0x0000000746c00000, 0x0000000746c00000, 0x0000000746e00000|  0%| F|  |TAMS 0x0000000746c00000, 0x0000000746c00000| Untracked 
|  30|0x0000000746e00000, 0x0000000746e00000, 0x0000000747000000|  0%| F|  |TAMS 0x0000000746e00000, 0x0000000746e00000| Untracked 
|  31|0x0000000747000000, 0x0000000747000000, 0x0000000747200000|  0%| F|  |TAMS 0x0000000747000000, 0x0000000747000000| Untracked 
|  32|0x0000000747200000, 0x0000000747200000, 0x0000000747400000|  0%| F|  |TAMS 0x0000000747200000, 0x0000000747200000| Untracked 
|  33|0x0000000747400000, 0x0000000747400000, 0x0000000747600000|  0%| F|  |TAMS 0x0000000747400000, 0x0000000747400000| Untracked 
|  34|0x0000000747600000, 0x0000000747600000, 0x0000000747800000|  0%| F|  |TAMS 0x0000000747600000, 0x0000000747600000| Untracked 
|  35|0x0000000747800000, 0x0000000747800000, 0x0000000747a00000|  0%| F|  |TAMS 0x0000000747800000, 0x0000000747800000| Untracked 
|  36|0x0000000747a00000, 0x0000000747a00000, 0x0000000747c00000|  0%| F|  |TAMS 0x0000000747a00000, 0x0000000747a00000| Untracked 
|  37|0x0000000747c00000, 0x0000000747c00000, 0x0000000747e00000|  0%| F|  |TAMS 0x0000000747c00000, 0x0000000747c00000| Untracked 
|  38|0x0000000747e00000, 0x0000000747e00000, 0x0000000748000000|  0%| F|  |TAMS 0x0000000747e00000, 0x0000000747e00000| Untracked 
|  39|0x0000000748000000, 0x0000000748000000, 0x0000000748200000|  0%| F|  |TAMS 0x0000000748000000, 0x0000000748000000| Untracked 
|  40|0x0000000748200000, 0x0000000748200000, 0x0000000748400000|  0%| F|  |TAMS 0x0000000748200000, 0x0000000748200000| Untracked 
|  41|0x0000000748400000, 0x0000000748400000, 0x0000000748600000|  0%| F|  |TAMS 0x0000000748400000, 0x0000000748400000| Untracked 
|  42|0x0000000748600000, 0x0000000748600000, 0x0000000748800000|  0%| F|  |TAMS 0x0000000748600000, 0x0000000748600000| Untracked 
|  43|0x0000000748800000, 0x0000000748800000, 0x0000000748a00000|  0%| F|  |TAMS 0x0000000748800000, 0x0000000748800000| Untracked 
|  44|0x0000000748a00000, 0x0000000748a00000, 0x0000000748c00000|  0%| F|  |TAMS 0x0000000748a00000, 0x0000000748a00000| Untracked 
|  45|0x0000000748c00000, 0x0000000748c00000, 0x0000000748e00000|  0%| F|  |TAMS 0x0000000748c00000, 0x0000000748c00000| Untracked 
|  46|0x0000000748e00000, 0x0000000748e00000, 0x0000000749000000|  0%| F|  |TAMS 0x0000000748e00000, 0x0000000748e00000| Untracked 
|  47|0x0000000749000000, 0x0000000749000000, 0x0000000749200000|  0%| F|  |TAMS 0x0000000749000000, 0x0000000749000000| Untracked 
|  48|0x0000000749200000, 0x0000000749200000, 0x0000000749400000|  0%| F|  |TAMS 0x0000000749200000, 0x0000000749200000| Untracked 
|  49|0x0000000749400000, 0x0000000749400000, 0x0000000749600000|  0%| F|  |TAMS 0x0000000749400000, 0x0000000749400000| Untracked 
|  50|0x0000000749600000, 0x0000000749600000, 0x0000000749800000|  0%| F|  |TAMS 0x0000000749600000, 0x0000000749600000| Untracked 
|  51|0x0000000749800000, 0x0000000749800000, 0x0000000749a00000|  0%| F|  |TAMS 0x0000000749800000, 0x0000000749800000| Untracked 
|  52|0x0000000749a00000, 0x0000000749a00000, 0x0000000749c00000|  0%| F|  |TAMS 0x0000000749a00000, 0x0000000749a00000| Untracked 
|  53|0x0000000749c00000, 0x0000000749c00000, 0x0000000749e00000|  0%| F|  |TAMS 0x0000000749c00000, 0x0000000749c00000| Untracked 
|  54|0x0000000749e00000, 0x0000000749e00000, 0x000000074a000000|  0%| F|  |TAMS 0x0000000749e00000, 0x0000000749e00000| Untracked 
|  55|0x000000074a000000, 0x000000074a000000, 0x000000074a200000|  0%| F|  |TAMS 0x000000074a000000, 0x000000074a000000| Untracked 
|  56|0x000000074a200000, 0x000000074a200000, 0x000000074a400000|  0%| F|  |TAMS 0x000000074a200000, 0x000000074a200000| Untracked 
|  57|0x000000074a400000, 0x000000074a400000, 0x000000074a600000|  0%| F|  |TAMS 0x000000074a400000, 0x000000074a400000| Untracked 
|  58|0x000000074a600000, 0x000000074a600000, 0x000000074a800000|  0%| F|  |TAMS 0x000000074a600000, 0x000000074a600000| Untracked 
|  59|0x000000074a800000, 0x000000074a800000, 0x000000074aa00000|  0%| F|  |TAMS 0x000000074a800000, 0x000000074a800000| Untracked 
|  60|0x000000074aa00000, 0x000000074aa00000, 0x000000074ac00000|  0%| F|  |TAMS 0x000000074aa00000, 0x000000074aa00000| Untracked 
|  61|0x000000074ac00000, 0x000000074ac00000, 0x000000074ae00000|  0%| F|  |TAMS 0x000000074ac00000, 0x000000074ac00000| Untracked 
|  62|0x000000074ae00000, 0x000000074ae00000, 0x000000074b000000|  0%| F|  |TAMS 0x000000074ae00000, 0x000000074ae00000| Untracked 
|  63|0x000000074b000000, 0x000000074b000000, 0x000000074b200000|  0%| F|  |TAMS 0x000000074b000000, 0x000000074b000000| Untracked 
|  64|0x000000074b200000, 0x000000074b200000, 0x000000074b400000|  0%| F|  |TAMS 0x000000074b200000, 0x000000074b200000| Untracked 
|  65|0x000000074b400000, 0x000000074b400000, 0x000000074b600000|  0%| F|  |TAMS 0x000000074b400000, 0x000000074b400000| Untracked 
|  66|0x000000074b600000, 0x000000074b600000, 0x000000074b800000|  0%| F|  |TAMS 0x000000074b600000, 0x000000074b600000| Untracked 
|  67|0x000000074b800000, 0x000000074b800000, 0x000000074ba00000|  0%| F|  |TAMS 0x000000074b800000, 0x000000074b800000| Untracked 
|  68|0x000000074ba00000, 0x000000074ba00000, 0x000000074bc00000|  0%| F|  |TAMS 0x000000074ba00000, 0x000000074ba00000| Untracked 
|  69|0x000000074bc00000, 0x000000074bc00000, 0x000000074be00000|  0%| F|  |TAMS 0x000000074bc00000, 0x000000074bc00000| Untracked 
|  70|0x000000074be00000, 0x000000074be00000, 0x000000074c000000|  0%| F|  |TAMS 0x000000074be00000, 0x000000074be00000| Untracked 
|  71|0x000000074c000000, 0x000000074c000000, 0x000000074c200000|  0%| F|  |TAMS 0x000000074c000000, 0x000000074c000000| Untracked 
|  72|0x000000074c200000, 0x000000074c200000, 0x000000074c400000|  0%| F|  |TAMS 0x000000074c200000, 0x000000074c200000| Untracked 
|  73|0x000000074c400000, 0x000000074c400000, 0x000000074c600000|  0%| F|  |TAMS 0x000000074c400000, 0x000000074c400000| Untracked 
|  74|0x000000074c600000, 0x000000074c600000, 0x000000074c800000|  0%| F|  |TAMS 0x000000074c600000, 0x000000074c600000| Untracked 
|  75|0x000000074c800000, 0x000000074c800000, 0x000000074ca00000|  0%| F|  |TAMS 0x000000074c800000, 0x000000074c800000| Untracked 
|  76|0x000000074ca00000, 0x000000074ca00000, 0x000000074cc00000|  0%| F|  |TAMS 0x000000074ca00000, 0x000000074ca00000| Untracked 
|  77|0x000000074cc00000, 0x000000074cc00000, 0x000000074ce00000|  0%| F|  |TAMS 0x000000074cc00000, 0x000000074cc00000| Untracked 
|  78|0x000000074ce00000, 0x000000074ce00000, 0x000000074d000000|  0%| F|  |TAMS 0x000000074ce00000, 0x000000074ce00000| Untracked 
|  79|0x000000074d000000, 0x000000074d000000, 0x000000074d200000|  0%| F|  |TAMS 0x000000074d000000, 0x000000074d000000| Untracked 
|  80|0x000000074d200000, 0x000000074d200000, 0x000000074d400000|  0%| F|  |TAMS 0x000000074d200000, 0x000000074d200000| Untracked 
|  81|0x000000074d400000, 0x000000074d400000, 0x000000074d600000|  0%| F|  |TAMS 0x000000074d400000, 0x000000074d400000| Untracked 
|  82|0x000000074d600000, 0x000000074d600000, 0x000000074d800000|  0%| F|  |TAMS 0x000000074d600000, 0x000000074d600000| Untracked 
|  83|0x000000074d800000, 0x000000074d800000, 0x000000074da00000|  0%| F|  |TAMS 0x000000074d800000, 0x000000074d800000| Untracked 
|  84|0x000000074da00000, 0x000000074da00000, 0x000000074dc00000|  0%| F|  |TAMS 0x000000074da00000, 0x000000074da00000| Untracked 
|  85|0x000000074dc00000, 0x000000074dc00000, 0x000000074de00000|  0%| F|  |TAMS 0x000000074dc00000, 0x000000074dc00000| Untracked 
|  86|0x000000074de00000, 0x000000074de00000, 0x000000074e000000|  0%| F|  |TAMS 0x000000074de00000, 0x000000074de00000| Untracked 
|  87|0x000000074e000000, 0x000000074e000000, 0x000000074e200000|  0%| F|  |TAMS 0x000000074e000000, 0x000000074e000000| Untracked 
|  88|0x000000074e200000, 0x000000074e200000, 0x000000074e400000|  0%| F|  |TAMS 0x000000074e200000, 0x000000074e200000| Untracked 
|  89|0x000000074e400000, 0x000000074e400000, 0x000000074e600000|  0%| F|  |TAMS 0x000000074e400000, 0x000000074e400000| Untracked 
|  90|0x000000074e600000, 0x000000074e600000, 0x000000074e800000|  0%| F|  |TAMS 0x000000074e600000, 0x000000074e600000| Untracked 
|  91|0x000000074e800000, 0x000000074e800000, 0x000000074ea00000|  0%| F|  |TAMS 0x000000074e800000, 0x000000074e800000| Untracked 
|  92|0x000000074ea00000, 0x000000074ea00000, 0x000000074ec00000|  0%| F|  |TAMS 0x000000074ea00000, 0x000000074ea00000| Untracked 
|  93|0x000000074ec00000, 0x000000074ed52850, 0x000000074ee00000| 66%| E|  |TAMS 0x000000074ec00000, 0x000000074ec00000| Complete 
|  94|0x000000074ee00000, 0x000000074f000000, 0x000000074f000000|100%| E|CS|TAMS 0x000000074ee00000, 0x000000074ee00000| Complete 

Card table byte_map: [0x000001e222670000,0x000001e222c60000] _byte_map_base: 0x000001e21ec57000

Marking Bits (Prev, Next): (CMBitMap*) 0x000001e20b328d80, (CMBitMap*) 0x000001e20b328dc0
 Prev Bits: [0x000001e223250000, 0x000001e226188000)
 Next Bits: [0x000001e226190000, 0x000001e2290c8000)

Polling page: 0x000001e20aa50000

Metaspace:

Usage:
  Non-class:    454.94 KB used.
      Class:     25.61 KB used.
       Both:    480.55 KB used.

Virtual space:
  Non-class space:       64.00 MB reserved,     512.00 KB ( <1%) committed,  1 nodes.
      Class space:        1.00 GB reserved,     128.00 KB ( <1%) committed,  1 nodes.
             Both:        1.06 GB reserved,     640.00 KB ( <1%) committed. 

Chunk freelists:
   Non-Class:  11.98 MB
       Class:  15.74 MB
        Both:  27.72 MB

MaxMetaspaceSize: unlimited
CompressedClassSpaceSize: 1.00 GB
Initial GC threshold: 21.00 MB
Current GC threshold: 21.00 MB
CDS: on
MetaspaceReclaimPolicy: balanced
 - commit_granule_bytes: 65536.
 - commit_granule_words: 8192.
 - virtual_space_node_default_size: 8388608.
 - enlarge_chunks_in_place: 1.
 - new_chunks_are_fully_committed: 0.
 - uncommit_free_chunks: 1.
 - use_allocation_guard: 0.
 - handle_deallocations: 1.


Internal statistics:

num_allocs_failed_limit: 0.
num_arena_births: 6.
num_arena_deaths: 0.
num_vsnodes_births: 2.
num_vsnodes_deaths: 0.
num_space_committed: 10.
num_space_uncommitted: 0.
num_chunks_returned_to_freelist: 0.
num_chunks_taken_from_freelist: 11.
num_chunk_merges: 0.
num_chunk_splits: 6.
num_chunks_enlarged: 2.
num_inconsistent_stats: 0.

CodeHeap 'non-profiled nmethods': size=120000Kb used=53Kb max_used=53Kb free=119946Kb
 bounds [0x000001e21a600000, 0x000001e21a870000, 0x000001e221b30000]
CodeHeap 'profiled nmethods': size=120000Kb used=178Kb max_used=178Kb free=119821Kb
 bounds [0x000001e212b30000, 0x000001e212da0000, 0x000001e21a060000]
CodeHeap 'non-nmethods': size=5760Kb used=1120Kb max_used=1120Kb free=4640Kb
 bounds [0x000001e21a060000, 0x000001e21a2d0000, 0x000001e21a600000]
 total_blobs=551 nmethods=165 adapters=299
 compilation: enabled
              stopped_count=0, restarted_count=0
 full_count=0

Compilation events (20 events):
Event: 0.118 Thread 0x000001e22bb89bf0  156       1       java.util.HashMap$Node::getKey (5 bytes)
Event: 0.118 Thread 0x000001e22bb89bf0 nmethod 156 0x000001e21a60d010 code [0x000001e21a60d1a0, 0x000001e21a60d278]
Event: 0.118 Thread 0x000001e22bb89bf0  157       1       java.util.HashMap$Node::getValue (5 bytes)
Event: 0.118 Thread 0x000001e22bb89bf0 nmethod 157 0x000001e21a60d310 code [0x000001e21a60d4a0, 0x000001e21a60d578]
Event: 0.120 Thread 0x000001e22bb89bf0  158       3       java.util.Arrays::copyOfRange (64 bytes)
Event: 0.121 Thread 0x000001e22bb89bf0 nmethod 158 0x000001e212b58f90 code [0x000001e212b59200, 0x000001e212b59b18]
Event: 0.121 Thread 0x000001e22bb89bf0  159       3       java.lang.String::checkBoundsBeginEnd (63 bytes)
Event: 0.121 Thread 0x000001e22bb89bf0 nmethod 159 0x000001e212b59e90 code [0x000001e212b5a120, 0x000001e212b5aa18]
Event: 0.121 Thread 0x000001e22bb89bf0  160       3       java.lang.String::substring (58 bytes)
Event: 0.121 Thread 0x000001e22bb89bf0 nmethod 160 0x000001e212b5ad90 code [0x000001e212b5af80, 0x000001e212b5b428]
Event: 0.131 Thread 0x000001e22bb89bf0  161       3       java.lang.StringUTF16::getChar (60 bytes)
Event: 0.131 Thread 0x000001e22bb89bf0 nmethod 161 0x000001e212b5b610 code [0x000001e212b5b7a0, 0x000001e212b5b918]
Event: 0.132 Thread 0x000001e22bb89bf0  162       3       java.lang.System::getSecurityManager (12 bytes)
Event: 0.133 Thread 0x000001e22bb89bf0 nmethod 162 0x000001e212b5ba10 code [0x000001e212b5bba0, 0x000001e212b5bd38]
Event: 0.133 Thread 0x000001e22bb89bf0  163       3       java.lang.System::allowSecurityManager (13 bytes)
Event: 0.133 Thread 0x000001e22bb89bf0 nmethod 163 0x000001e212b5be10 code [0x000001e212b5bfa0, 0x000001e212b5c0b8]
Event: 0.133 Thread 0x000001e22bb89bf0  164       3       java.lang.invoke.MemberName::isInvocable (8 bytes)
Event: 0.133 Thread 0x000001e22bb89bf0 nmethod 164 0x000001e212b5c110 code [0x000001e212b5c2c0, 0x000001e212b5c558]
Event: 0.133 Thread 0x000001e22bb89bf0  165       3       java.lang.invoke.MemberName::testAnyFlags (15 bytes)
Event: 0.133 Thread 0x000001e22bb89bf0 nmethod 165 0x000001e212b5c690 code [0x000001e212b5c840, 0x000001e212b5ca78]

GC Heap History (0 events):
No events

Deoptimization events (0 events):
No events

Classes unloaded (0 events):
No events

Classes redefined (3 events):
Event: 0.126 Thread 0x000001e22b80acb0 redefined class name=java.io.FileOutputStream, count=1
Event: 0.128 Thread 0x000001e22b80acb0 redefined class name=java.nio.file.Files, count=1
Event: 0.130 Thread 0x000001e22b80acb0 redefined class name=java.io.File, count=1

Internal exceptions (0 events):
No events

VM Operations (10 events):
Event: 0.088 Executing VM operation: HandshakeAllThreads
Event: 0.088 Executing VM operation: HandshakeAllThreads done
Event: 0.126 Executing VM operation: RedefineClasses
Event: 0.127 Executing VM operation: RedefineClasses done
Event: 0.128 Executing VM operation: RedefineClasses
Event: 0.129 Executing VM operation: RedefineClasses done
Event: 0.130 Executing VM operation: RedefineClasses
Event: 0.130 Executing VM operation: RedefineClasses done
Event: 0.132 Executing VM operation: HandshakeAllThreads
Event: 0.132 Executing VM operation: HandshakeAllThreads done

Events (20 events):
Event: 0.123 loading class java/io/InputStreamReader done
Event: 0.124 Thread 0x000001e22bd0a300 Thread added: 0x000001e22bd0a300
Event: 0.124 loading class java/net/Socket
Event: 0.126 loading class java/lang/WeakPairMap$Pair$Weak
Event: 0.126 loading class java/lang/WeakPairMap$WeakRefPeer
Event: 0.126 loading class java/lang/WeakPairMap$WeakRefPeer done
Event: 0.126 loading class java/lang/WeakPairMap$Pair$Weak done
Event: 0.126 loading class java/lang/WeakPairMap$Pair$Weak$1
Event: 0.126 loading class java/lang/WeakPairMap$Pair$Weak$1 done
Event: 0.130 loading class java/net/Socket done
Event: 0.130 Thread 0x000001e22bd0b0a0 Thread added: 0x000001e22bd0b0a0
Event: 0.131 loading class java/net/InetSocketAddress
Event: 0.131 loading class java/net/SocketAddress
Event: 0.131 loading class java/net/SocketAddress done
Event: 0.131 loading class java/net/InetSocketAddress done
Event: 0.132 loading class jdk/internal/loader/URLClassPath$FileLoader$1
Event: 0.132 loading class jdk/internal/loader/URLClassPath$FileLoader$1 done
Event: 0.133 Thread 0x000001e20b2d01c0 Thread exited: 0x000001e20b2d01c0
Event: 0.133 Thread 0x000001e20b2d01c0 Thread added: 0x000001e20b2d01c0
Event: 0.133 Thread 0x000001e20b2d01c0 Thread exited: 0x000001e20b2d01c0


Dynamic libraries:
0x00007ff6a5f00000 - 0x00007ff6a5f10000 	C:\Program Files\Java\jdk-17\bin\java.exe
0x00007ffd853f0000 - 0x00007ffd85606000 	C:\Windows\SYSTEM32\ntdll.dll
0x00007ffd85130000 - 0x00007ffd851f4000 	C:\Windows\System32\KERNEL32.DLL
0x00007ffd84d80000 - 0x00007ffd85126000 	C:\Windows\System32\KERNELBASE.dll
0x000000007a040000 - 0x000000007a07b000 	C:\Windows\System32\cyinjct.dll
0x00007ffd84c10000 - 0x00007ffd84c1c000 	C:\Windows\System32\ntnativeapi.dll
0x00007ffd7deb0000 - 0x00007ffd7dec9000 	C:\Program Files\Java\jdk-17\bin\jli.dll
0x00007ffd82d80000 - 0x00007ffd82e32000 	C:\Windows\System32\ADVAPI32.dll
0x00007ffd834a0000 - 0x00007ffd83547000 	C:\Windows\System32\msvcrt.dll
0x00007ffd833f0000 - 0x00007ffd83498000 	C:\Windows\System32\sechost.dll
0x00007ffd82690000 - 0x00007ffd826b8000 	C:\Windows\System32\bcrypt.dll
0x00007ffd84c60000 - 0x00007ffd84d75000 	C:\Windows\System32\RPCRT4.dll
0x000001e208d30000 - 0x000001e208edd000 	C:\Windows\System32\USER32.dll
0x00007ffd826c0000 - 0x00007ffd826e6000 	C:\Windows\System32\win32u.dll
0x00007ffd831c0000 - 0x00007ffd831e9000 	C:\Windows\System32\GDI32.dll
0x00007ffd82790000 - 0x00007ffd828a8000 	C:\Windows\System32\gdi32full.dll
0x00007ffd826f0000 - 0x00007ffd8278a000 	C:\Windows\System32\msvcp_win.dll
0x000001e208ee0000 - 0x000001e208ff1000 	C:\Windows\System32\ucrtbase.dll
0x00007ffd779a0000 - 0x00007ffd779bb000 	C:\Program Files\Java\jdk-17\bin\VCRUNTIME140.dll
0x00007ffd79330000 - 0x00007ffd795c3000 	C:\Windows\WinSxS\amd64_microsoft.windows.common-controls_6595b64144ccf1df_6.0.22621.3235_none_270f74e173860f98\COMCTL32.dll
0x00007ffd79db0000 - 0x00007ffd79dba000 	C:\Windows\SYSTEM32\VERSION.dll
0x00007ffd84bf0000 - 0x00007ffd84c0e000 	C:\Windows\System32\cyvera.dll
0x00007ffd84b80000 - 0x00007ffd84bee000 	C:\Windows\System32\cyvrtrap.dll
0x00007ffd83b40000 - 0x00007ffd83b71000 	C:\Windows\System32\IMM32.DLL
0x0000000054680000 - 0x00000000546f2000 	C:\Windows\System32\QIPCAP64.dll
0x00007ffd842e0000 - 0x00007ffd84b3d000 	C:\Windows\System32\SHELL32.dll
0x00007ffd80f10000 - 0x00007ffd81009000 	C:\Windows\SYSTEM32\DNSAPI.dll
0x00007ffd80ee0000 - 0x00007ffd80f0d000 	C:\Windows\SYSTEM32\IPHLPAPI.DLL
0x00007ffd83b80000 - 0x00007ffd83b89000 	C:\Windows\System32\NSI.dll
0x00007ffd7e070000 - 0x00007ffd7e07c000 	C:\Program Files\Java\jdk-17\bin\vcruntime140_1.dll
0x00007ffd48110000 - 0x00007ffd4819e000 	C:\Program Files\Java\jdk-17\bin\msvcp140.dll
0x00007ffd06f80000 - 0x00007ffd07b5f000 	C:\Program Files\Java\jdk-17\bin\server\jvm.dll
0x00007ffd83b30000 - 0x00007ffd83b38000 	C:\Windows\System32\PSAPI.DLL
0x00007ffd73eb0000 - 0x00007ffd73eb9000 	C:\Windows\SYSTEM32\WSOCK32.dll
0x00007ffd82e50000 - 0x00007ffd82ec1000 	C:\Windows\System32\WS2_32.dll
0x00007ffd7d1f0000 - 0x00007ffd7d224000 	C:\Windows\SYSTEM32\WINMM.dll
0x00007ffd81650000 - 0x00007ffd81668000 	C:\Windows\SYSTEM32\kernel.appcore.dll
0x00007ffd77400000 - 0x00007ffd7740a000 	C:\Program Files\Java\jdk-17\bin\jimage.dll
0x00007ffd7ff20000 - 0x00007ffd80153000 	C:\Windows\SYSTEM32\DBGHELP.DLL
0x00007ffd83550000 - 0x00007ffd838d8000 	C:\Windows\System32\combase.dll
0x00007ffd84200000 - 0x00007ffd842d7000 	C:\Windows\System32\OLEAUT32.dll
0x00007ffd783f0000 - 0x00007ffd78422000 	C:\Windows\SYSTEM32\dbgcore.DLL
0x00007ffd82610000 - 0x00007ffd8268a000 	C:\Windows\System32\bcryptPrimitives.dll
0x00007ffd74c40000 - 0x00007ffd74c4e000 	C:\Program Files\Java\jdk-17\bin\instrument.dll
0x00007ffd72880000 - 0x00007ffd728a5000 	C:\Program Files\Java\jdk-17\bin\java.dll
0x00007ffd84b40000 - 0x00007ffd84b77000 	C:\Program Files\Palo Alto Networks\Traps\cyjagent.dll
0x00007ffd47f30000 - 0x00007ffd48007000 	C:\Program Files\Java\jdk-17\bin\jsvml.dll
0x00007ffd80390000 - 0x00007ffd80c88000 	C:\Windows\SYSTEM32\windows.storage.dll
0x00007ffd80250000 - 0x00007ffd8038e000 	C:\Windows\SYSTEM32\wintypes.dll
0x000001e271100000 - 0x000001e2711f3000 	C:\Windows\System32\SHCORE.dll
0x00007ffd82d20000 - 0x00007ffd82d7e000 	C:\Windows\System32\shlwapi.dll
0x00007ffd82540000 - 0x00007ffd82566000 	C:\Windows\SYSTEM32\profapi.dll
0x00007ffd63740000 - 0x00007ffd63758000 	C:\Program Files\Java\jdk-17\bin\zip.dll
0x00007ffd72810000 - 0x00007ffd72829000 	C:\Program Files\Java\jdk-17\bin\net.dll
0x00007ffd7db90000 - 0x00007ffd7dcc7000 	C:\Windows\SYSTEM32\WINHTTP.dll
0x00007ffd81ad0000 - 0x00007ffd81b39000 	C:\Windows\system32\mswsock.dll
0x00007ffd66d20000 - 0x00007ffd66d36000 	C:\Program Files\Java\jdk-17\bin\nio.dll
0x00007ffd62690000 - 0x00007ffd626aa000 	D:\IntelliJ IDEA Community Edition 2023.3.2\bin\breakgen64.dll

dbghelp: loaded successfully - version: 4.0.5 - missing functions: none
symbol engine: initialized successfully - sym options: 0x614 - pdb path: .;C:\Program Files\Java\jdk-17\bin;C:\Windows\SYSTEM32;C:\Windows\WinSxS\amd64_microsoft.windows.common-controls_6595b64144ccf1df_6.0.22621.3235_none_270f74e173860f98;C:\Program Files\Java\jdk-17\bin\server;C:\Program Files\Palo Alto Networks\Traps;D:\IntelliJ IDEA Community Edition 2023.3.2\bin

VM Arguments:
jvm_args: -javaagent:D:\IntelliJ IDEA Community Edition 2023.3.2\lib\idea_rt.jar=63055:D:\IntelliJ IDEA Community Edition 2023.3.2\bin -Dfile.encoding=UTF-8 -agentpath:C:\Program Files\Palo Alto Networks\Traps\cyjagent.dll 
java_command: JavaDailyPractice.day2
java_class_path (initial): C:\Users\lalit.pmloyal\IdeaProjects\LalitJava\out\production\LalitJava
Launcher Type: SUN_STANDARD

[Global flags]
     intx CICompilerCount                          = 4                                         {product} {ergonomic}
     uint ConcGCThreads                            = 2                                         {product} {ergonomic}
     uint G1ConcRefinementThreads                  = 8                                         {product} {ergonomic}
   size_t G1HeapRegionSize                         = 2097152                                   {product} {ergonomic}
    uintx GCDrainStackTargetSize                   = 64                                        {product} {ergonomic}
   size_t InitialHeapSize                          = 199229440                                 {product} {ergonomic}
   size_t MarkStackSize                            = 4194304                                   {product} {ergonomic}
   size_t MaxHeapSize                              = 3168796672                                {product} {ergonomic}
   size_t MaxNewSize                               = 1900019712                                {product} {ergonomic}
   size_t MinHeapDeltaBytes                        = 2097152                                   {product} {ergonomic}
   size_t MinHeapSize                              = 8388608                                   {product} {ergonomic}
    uintx NonNMethodCodeHeapSize                   = 5839372                                {pd product} {ergonomic}
    uintx NonProfiledCodeHeapSize                  = 122909434                              {pd product} {ergonomic}
    uintx ProfiledCodeHeapSize                     = 122909434                              {pd product} {ergonomic}
    uintx ReservedCodeCacheSize                    = 251658240                              {pd product} {ergonomic}
     bool SegmentedCodeCache                       = true                                      {product} {ergonomic}
   size_t SoftMaxHeapSize                          = 3168796672                             {manageable} {ergonomic}
     bool UseCompressedClassPointers               = true                           {product lp64_product} {ergonomic}
     bool UseCompressedOops                        = true                           {product lp64_product} {ergonomic}
     bool UseG1GC                                  = true                                      {product} {ergonomic}
     bool UseLargePagesIndividualAllocation        = false                                  {pd product} {ergonomic}

Logging:
Log output configuration:
 #0: stdout all=warning uptime,level,tags
 #1: stderr all=off uptime,level,tags

Environment Variables:
JAVA_HOME=C:\Program Files\Java\jdk-17
PATH=C:\Program Files\Common Files\Oracle\Java\javapath;C:\Python312\Scripts\;C:\Python312\;C:\Windows\system32;C:\Windows;C:\Windows\System32\Wbem;C:\Windows\System32\WindowsPowerShell\v1.0\;C:\Windows\System32\OpenSSH\;C:\Program Files (x86)\Microsoft SQL Server\160\DTS\Binn\;C:\Program Files\Azure Data Studio\bin;C:\Program Files\Java\jdk-17\bin;C:\ProgramData\chocolatey\bin;C:\Users\lalit.pmloyal\AppData\Local\Android\Sdk\tools\bin;C:\Users\lalit.pmloyal\AppData\Local\Android\Sdk\tools;C:\Users\lalit.pmloyal\AppData\Local\Android\Sdk\platform-tools;C:\Program Files\nodejs\node_modules\npm\bin;C:\Program Files\nodejs\;C:\Users\lalit.pmloyal\AppData\Local\Microsoft\WindowsApps;C:\Users\lalit.pmloyal\AppData\Local\Programs\Microsoft VS Code\bin;D:\IntelliJ IDEA Community Edition 2023.3.2\bin;;C:\Users\lalit.pmloyal\AppData\Roaming\npm;C:\Users\lalit.pmloyal\AppData\Local\Programs\Git\cmd
USERNAME=lalit.shiv
OS=Windows_NT
PROCESSOR_IDENTIFIER=Intel64 Family 6 Model 126 Stepping 5, GenuineIntel



---------------  S Y S T E M  ---------------

OS:
 Windows 11 , 64 bit Build 22621 (10.0.22621.3235)
OS uptime: 2 days 2:36 hours

CPU: total 8 (initial active 8) (4 cores per cpu, 2 threads per core) family 6 model 126 stepping 5 microcode 0xa8, cx8, cmov, fxsr, ht, mmx, 3dnowpref, sse, sse2, sse3, ssse3, sse4.1, sse4.2, popcnt, lzcnt, tsc, tscinvbit, avx, avx2, aes, erms, clmul, bmi1, bmi2, adx, avx512f, avx512dq, avx512cd, avx512bw, avx512vl, sha, fma, vzeroupper, avx512_vpopcntdq, avx512_vpclmulqdq, avx512_vaes, avx512_vnni, clflush, clflushopt, avx512_vbmi2, avx512_vbmi

Memory: 4k page, system-wide physical 12083M (1446M free)
TotalPageFile size 24883M (AvailPageFile size 3632M)
current process WorkingSet (physical memory assigned to process): 40M, peak: 40M
current process commit charge ("private bytes"): 278M, peak: 279M

vm_info: Java HotSpot(TM) 64-Bit Server VM (17.0.10+11-LTS-240) for windows-amd64 JRE (17.0.10+11-LTS-240), built on Dec 19 2023 21:47:25 by "mach5one" with MS VC++ 17.1 (VS2022)

END.
