#
# A fatal error has been detected by the Java Runtime Environment:
#
#  EXCEPTION_ACCESS_VIOLATION (0xc0000005) at pc=0x0000015aaddbc1c4, pid=12100, tid=29928
#
# JRE version: Java(TM) SE Runtime Environment (17.0.10+11) (build 17.0.10+11-LTS-240)
# Java VM: Java HotSpot(TM) 64-Bit Server VM (17.0.10+11-LTS-240, mixed mode, sharing, tiered, compressed oops, compressed class ptrs, g1 gc, windows-amd64)
# Problematic frame:
# C  [cyjagent.dll+0xc1c4]
#
# No core dump will be written. Minidumps are not enabled by default on client versions of Windows
#
# If you would like to submit a bug report, please visit:
#   https://bugreport.java.com/bugreport/crash.jsp
# The crash happened outside the Java Virtual Machine in native code.
# See problematic frame for where to report the bug.
#

---------------  S U M M A R Y ------------

Command Line: -javaagent:D:\IntelliJ IDEA Community Edition 2023.3.2\lib\idea_rt.jar=49786:D:\IntelliJ IDEA Community Edition 2023.3.2\bin -Dfile.encoding=UTF-8 -agentpath:C:\Program Files\Palo Alto Networks\Traps\cyjagent.dll JavaPracticeProgram.RemoveWhiteSpaces

Host: Intel(R) Core(TM) i5-1035G1 CPU @ 1.00GHz, 8 cores, 11G,  Windows 11 , 64 bit Build 22621 (10.0.22621.2506)
Time: Tue Feb 20 14:53:41 2024 India Standard Time elapsed time: 0.125762 seconds (0d 0h 0m 0s)

---------------  T H R E A D  ---------------

Current thread (0x0000015b141b5590):  JavaThread "Monitor Ctrl-Break" daemon [_thread_in_native, id=29928, stack(0x000000188c900000,0x000000188ca00000)]

Stack: [0x000000188c900000,0x000000188ca00000],  sp=0x000000188c9fcb10,  free space=1010k
Native frames: (J=compiled Java code, j=interpreted, Vv=VM code, C=native code)
C  [cyjagent.dll+0xc1c4]

Java frames: (J=compiled Java code, j=interpreted, Vv=VM code)
j  java.util.Properties.load(Ljava/io/InputStream;)V+8 java.base@17.0.10
j  sun.net.NetProperties.loadDefaultProperties()V+67 java.base@17.0.10
j  sun.net.NetProperties$1.run()Ljava/lang/Void;+0 java.base@17.0.10
j  sun.net.NetProperties$1.run()Ljava/lang/Object;+1 java.base@17.0.10
j  java.security.AccessController.executePrivileged(Ljava/security/PrivilegedAction;Ljava/security/AccessControlContext;Ljava/lang/Class;)Ljava/lang/Object;+29 java.base@17.0.10
j  java.security.AccessController.doPrivileged(Ljava/security/PrivilegedAction;)Ljava/lang/Object;+5 java.base@17.0.10
j  sun.net.NetProperties.<clinit>()V+17 java.base@17.0.10
v  ~StubRoutines::call_stub
j  java.net.SocketImpl.lambda$usePlainSocketImpl$0()Ljava/lang/String;+2 java.base@17.0.10
j  java.net.SocketImpl$$Lambda$14+0x0000015ad00461b8.run()Ljava/lang/Object;+0 java.base@17.0.10
j  java.security.AccessController.executePrivileged(Ljava/security/PrivilegedAction;Ljava/security/AccessControlContext;Ljava/lang/Class;)Ljava/lang/Object;+29 java.base@17.0.10
j  java.security.AccessController.doPrivileged(Ljava/security/PrivilegedAction;)Ljava/lang/Object;+5 java.base@17.0.10
j  java.net.SocketImpl.usePlainSocketImpl()Z+7 java.base@17.0.10
j  java.net.SocketImpl.<clinit>()V+0 java.base@17.0.10
v  ~StubRoutines::call_stub
j  java.net.Socket.setImpl()V+22 java.base@17.0.10
j  java.net.Socket.<init>(Ljava/net/SocketAddress;Ljava/net/SocketAddress;Z)V+46 java.base@17.0.10
j  java.net.Socket.<init>(Ljava/lang/String;I)V+34 java.base@17.0.10
j  com.intellij.rt.execution.application.AppMainV2$1.run()V+10
v  ~StubRoutines::call_stub

siginfo: EXCEPTION_ACCESS_VIOLATION (0xc0000005), reading address 0x0000000000000000


Registers:
RAX=0x0000000000000000, RBX=0x0000015b141b5840, RCX=0x0000000000000000, RDX=0x0000015aac167f20
RSP=0x000000188c9fcb10, RBP=0x0000015aadf2f8d0, RSI=0x0000000000000000, RDI=0x0000015b14228df0
R8 =0x000000188c9fc988, R9 =0x0000000000000000, R10=0x0000000000000000, R11=0x0000000000000246
R12=0x0000015b14228df0, R13=0x0000000000000000, R14=0x000000188c9fcd30, R15=0x0000000000000000
RIP=0x0000015aaddbc1c4, EFLAGS=0x0000000000010202


Register to memory mapping:

RIP=0x0000015aaddbc1c4 cyjagent.dll
RAX=0x0 is NULL
RBX=0x0000015b141b5840 points into unknown readable memory: 0x00007fff399d2670 | 70 26 9d 39 ff 7f 00 00
RCX=0x0 is NULL
RDX=0x0000015aac167f20 points into unknown readable memory: 0x0000015b141b5590 | 90 55 1b 14 5b 01 00 00
RSP=0x000000188c9fcb10 is pointing into the stack for thread: 0x0000015b141b5590
RBP=0x0000015aadf2f8d0 points into unknown readable memory: 0x0000015aade75200 | 00 52 e7 ad 5a 01 00 00
RSI=0x0 is NULL
RDI=0x0000015b14228df0 points into unknown readable memory: 0x6974752f6176616a | 6a 61 76 61 2f 75 74 69
R8 =0x000000188c9fc988 is pointing into the stack for thread: 0x0000015b141b5590
R9 =0x0 is NULL
R10=0x0 is NULL
R11=0x0000000000000246 is an unknown value
R12=0x0000015b14228df0 points into unknown readable memory: 0x6974752f6176616a | 6a 61 76 61 2f 75 74 69
R13=0x0 is NULL
R14=0x000000188c9fcd30 is pointing into the stack for thread: 0x0000015b141b5590
R15=0x0 is NULL


Top of Stack: (sp=0x000000188c9fcb10)
0x000000188c9fcb10:   0000015b14228df0 0000015b141b5840
0x000000188c9fcb20:   0000000000000a0e 00007fff3933894a
0x000000188c9fcb30:   0000000000000000 0073006500690074
0x000000188c9fcb40:   0000015acf46e6f8 0000015aadf2f8d0
0x000000188c9fcb50:   000000000000001f 0000015b14281160
0x000000188c9fcb60:   0000015aae625a30 0000015b141b5590
0x000000188c9fcb70:   000000188c9fcd68 00007fff394540e6
0x000000188c9fcb80:   0000015aae625a30 0000015b141b5590
0x000000188c9fcb90:   0000000000000000 0000000000000a0e
0x000000188c9fcba0:   0000015b14228df0 0000000000000000
0x000000188c9fcbb0:   0000015a00000a0e 0000015b142283b0
0x000000188c9fcbc0:   000000188c9fccb8 000000188c9fcbd8
0x000000188c9fcbd0:   0000000000000000 0000000000000000
0x000000188c9fcbe0:   0000000000000000 0000000000000000
0x000000188c9fcbf0:   0000015b1427c330 0000015b142283a0
0x000000188c9fcc00:   0000015b14228e10 0000015b14230388 

Instructions: (pc=0x0000015aaddbc1c4)
0x0000015aaddbc0c4:   00 00 03 72 2d 44 8b ce 48 8d 05 3d e0 01 00 ba
0x0000015aaddbc0d4:   2f 00 00 00 4e 8b 0c c8 48 8b 89 b0 02 00 00 4c
0x0000015aaddbc0e4:   8d 05 56 df 01 00 e8 51 50 ff ff 48 8b 0d ea 38
0x0000015aaddbc0f4:   02 00 48 3b cb 74 68 f6 81 bc 02 00 00 10 74 5f
0x0000015aaddbc104:   80 b9 b9 02 00 00 02 72 56 4c 8b 8c 24 90 00 00
0x0000015aaddbc114:   00 4c 8d 05 24 df 01 00 48 8b 89 b0 02 00 00 ba
0x0000015aaddbc124:   31 00 00 00 e8 13 50 ff ff eb 34 49 8b 0f 4c 8b
0x0000015aaddbc134:   c3 48 8b d6 e8 d3 63 00 00 48 8b 84 24 b0 00 00
0x0000015aaddbc144:   00 89 18 48 8b 0d 6a 4c 02 00 4c 8b c6 33 d2 ff
0x0000015aaddbc154:   15 97 50 01 00 eb 08 a8 02 75 04 c6 47 40 01 b8
0x0000015aaddbc164:   ff ff ff ff f0 0f c1 47 10 4c 8b b4 24 88 00 00
0x0000015aaddbc174:   00 83 f8 01 75 42 48 8b 4f 18 48 81 c1 70 01 00
0x0000015aaddbc184:   00 ff 15 1d 51 01 00 48 8b 0f 48 8b 47 08 48 89
0x0000015aaddbc194:   08 48 89 41 08 48 8b 4f 18 48 81 c1 70 01 00 00
0x0000015aaddbc1a4:   ff 15 06 51 01 00 48 8b 0d 07 4c 02 00 4c 8b c7
0x0000015aaddbc1b4:   33 d2 ff 15 34 50 01 00 48 8b 4d 20 48 8b 55 10
0x0000015aaddbc1c4:   48 8b 01 48 8b 80 08 01 00 00 ff 15 0c 51 01 00
0x0000015aaddbc1d4:   85 c0 74 40 48 8b 0d 01 38 02 00 48 8d 15 fa 37
0x0000015aaddbc1e4:   02 00 48 3b ca 74 2d f6 81 bc 02 00 00 10 74 24
0x0000015aaddbc1f4:   80 b9 b9 02 00 00 03 72 1b 48 8b 89 b0 02 00 00
0x0000015aaddbc204:   4c 8d 05 35 de 01 00 ba 15 00 00 00 44 8b c8 e8
0x0000015aaddbc214:   68 4e ff ff 48 8b 6c 24 78 48 8b b4 24 80 00 00
0x0000015aaddbc224:   00 48 83 c4 50 41 5f 5f 5b c3 cc cc 40 57 48 83
0x0000015aaddbc234:   ec 30 f6 81 78 01 00 00 04 48 8b f9 0f 85 87 02
0x0000015aaddbc244:   00 00 48 89 5c 24 40 45 33 c9 48 89 6c 24 48 33
0x0000015aaddbc254:   d2 48 89 74 24 50 48 8b 71 20 45 8d 41 32 48 8b
0x0000015aaddbc264:   ce 48 8b 06 48 8b 40 08 ff 15 6e 50 01 00 48 8d
0x0000015aaddbc274:   2d 67 37 02 00 85 c0 74 37 48 8b 0d 5c 37 02 00
0x0000015aaddbc284:   48 3b cd 74 2b f6 81 bc 02 00 00 10 74 22 80 b9
0x0000015aaddbc294:   b9 02 00 00 02 72 19 48 8b 89 b0 02 00 00 ba 11
0x0000015aaddbc2a4:   00 00 00 89 44 24 20 44 8d 4a 21 e8 7c dc ff ff
0x0000015aaddbc2b4:   48 8b 06 45 33 c9 33 d2 48 8b ce 48 8b 40 08 45 


Stack slot to memory mapping:
stack at sp + 0 slots: 0x0000015b14228df0 points into unknown readable memory: 0x6974752f6176616a | 6a 61 76 61 2f 75 74 69
stack at sp + 1 slots: 0x0000015b141b5840 points into unknown readable memory: 0x00007fff399d2670 | 70 26 9d 39 ff 7f 00 00
stack at sp + 2 slots: 0x0000000000000a0e is an unknown value
stack at sp + 3 slots: 0x00007fff3933894a jvm.dll
stack at sp + 4 slots: 0x0 is NULL
stack at sp + 5 slots: 0x0073006500690074 is an unknown value
stack at sp + 6 slots: 0x0000015acf46e6f8 is pointing into metadata
stack at sp + 7 slots: 0x0000015aadf2f8d0 points into unknown readable memory: 0x0000015aade75200 | 00 52 e7 ad 5a 01 00 00


---------------  P R O C E S S  ---------------

Threads class SMR info:
_java_thread_list=0x0000015b1427f130, length=12, elements={
0x0000015b14006d90, 0x0000015b14008870, 0x0000015b140182a0, 0x0000015b1401ac70,
0x0000015b1401d640, 0x0000015b1401e000, 0x0000015b14027d10, 0x0000015b14030ce0,
0x0000015b140336f0, 0x0000015b14134b40, 0x0000015b141b5590, 0x0000015b1427cea0
}

Java Threads: ( => current thread )
  0x0000015b14006d90 JavaThread "Reference Handler" daemon [_thread_blocked, id=31196, stack(0x000000188bf00000,0x000000188c000000)]
  0x0000015b14008870 JavaThread "Finalizer" daemon [_thread_blocked, id=15652, stack(0x000000188c000000,0x000000188c100000)]
  0x0000015b140182a0 JavaThread "Signal Dispatcher" daemon [_thread_blocked, id=21172, stack(0x000000188c100000,0x000000188c200000)]
  0x0000015b1401ac70 JavaThread "Attach Listener" daemon [_thread_blocked, id=20636, stack(0x000000188c200000,0x000000188c300000)]
  0x0000015b1401d640 JavaThread "Service Thread" daemon [_thread_blocked, id=27824, stack(0x000000188c300000,0x000000188c400000)]
  0x0000015b1401e000 JavaThread "Monitor Deflation Thread" daemon [_thread_blocked, id=16588, stack(0x000000188c400000,0x000000188c500000)]
  0x0000015b14027d10 JavaThread "C2 CompilerThread0" daemon [_thread_blocked, id=13920, stack(0x000000188c500000,0x000000188c600000)]
  0x0000015b14030ce0 JavaThread "C1 CompilerThread0" daemon [_thread_blocked, id=20964, stack(0x000000188c600000,0x000000188c700000)]
  0x0000015b140336f0 JavaThread "Sweeper thread" daemon [_thread_blocked, id=28912, stack(0x000000188c700000,0x000000188c800000)]
  0x0000015b14134b40 JavaThread "Common-Cleaner" daemon [_thread_blocked, id=16572, stack(0x000000188c800000,0x000000188c900000)]
=>0x0000015b141b5590 JavaThread "Monitor Ctrl-Break" daemon [_thread_in_native, id=29928, stack(0x000000188c900000,0x000000188ca00000)]
  0x0000015b1427cea0 JavaThread "Notification Thread" daemon [_thread_blocked, id=27316, stack(0x000000188ca00000,0x000000188cb00000)]

Other Threads:
  0x0000015ace7a8910 VMThread "VM Thread" [stack: 0x000000188be00000,0x000000188bf00000] [id=30912] _threads_hazard_ptr=0x0000015b1427f130
  0x0000015aac16e180 GCTaskThread "GC Thread#0" [stack: 0x000000188b900000,0x000000188ba00000] [id=27228]
  0x0000015aae694b80 ConcurrentGCThread "G1 Main Marker" terminated
  0x0000015aae695870 ConcurrentGCThread "G1 Conc#0" [stack: 0x000000188bb00000,0x000000188bc00000] [id=28348]
  0x0000015ace658170 ConcurrentGCThread "G1 Refine#0" terminated
  0x0000015ace658ab0 ConcurrentGCThread "G1 Service" terminated

Threads with active compile tasks:

VM state: at safepoint (normal execution)

VM Mutex/Monitor currently owned by a thread:  ([mutex/lock_event])
[0x0000015aae6311a0] Threads_lock - owner thread: 0x0000015ace7a8910
[0x0000015aae62f970] Heap_lock - owner thread: 0x0000015aae636320

Heap address: 0x0000000743200000, size: 3022 MB, Compressed Oops mode: Zero based, Oop shift amount: 3

CDS archive(s) mapped at: [0x0000015acf000000-0x0000015acfbd0000-0x0000015acfbd0000), size 12386304, SharedBaseAddress: 0x0000015acf000000, ArchiveRelocationMode: 1.
Compressed class space mapped at: 0x0000015ad0000000-0x0000015b10000000, reserved size: 1073741824
Narrow klass base: 0x0000015acf000000, Narrow klass shift: 0, Narrow klass range: 0x100000000

GC Precious Log:
 CPUs: 8 total, 8 available
 Memory: 12083M
 Large Page Support: Disabled
 NUMA Support: Disabled
 Compressed Oops: Enabled (Zero based)
 Heap Region Size: 2M
 Heap Min Capacity: 8M
 Heap Initial Capacity: 190M
 Heap Max Capacity: 3022M
 Pre-touch: Disabled
 Parallel Workers: 8
 Concurrent Workers: 2
 Concurrent Refinement Workers: 8
 Periodic GC: Disabled

Heap:
 garbage-first heap   total 194560K, used 2048K [0x0000000743200000, 0x0000000800000000)
  region size 2048K, 2 young (4096K), 0 survivors (0K)
 Metaspace       used 456K, committed 640K, reserved 1114112K
  class space    used 30K, committed 128K, reserved 1048576K

Heap Regions: E=young(eden), S=young(survivor), O=old, HS=humongous(starts), HC=humongous(continues), CS=collection set, F=free, OA=open archive, CA=closed archive, TAMS=top-at-mark-start (previous, next)
|   0|0x0000000743200000, 0x0000000743200000, 0x0000000743400000|  0%| F|  |TAMS 0x0000000743200000, 0x0000000743200000| Untracked 
|   1|0x0000000743400000, 0x0000000743400000, 0x0000000743600000|  0%| F|  |TAMS 0x0000000743400000, 0x0000000743400000| Untracked 
|   2|0x0000000743600000, 0x0000000743600000, 0x0000000743800000|  0%| F|  |TAMS 0x0000000743600000, 0x0000000743600000| Untracked 
|   3|0x0000000743800000, 0x0000000743800000, 0x0000000743a00000|  0%| F|  |TAMS 0x0000000743800000, 0x0000000743800000| Untracked 
|   4|0x0000000743a00000, 0x0000000743a00000, 0x0000000743c00000|  0%| F|  |TAMS 0x0000000743a00000, 0x0000000743a00000| Untracked 
|   5|0x0000000743c00000, 0x0000000743c00000, 0x0000000743e00000|  0%| F|  |TAMS 0x0000000743c00000, 0x0000000743c00000| Untracked 
|   6|0x0000000743e00000, 0x0000000743e00000, 0x0000000744000000|  0%| F|  |TAMS 0x0000000743e00000, 0x0000000743e00000| Untracked 
|   7|0x0000000744000000, 0x0000000744000000, 0x0000000744200000|  0%| F|  |TAMS 0x0000000744000000, 0x0000000744000000| Untracked 
|   8|0x0000000744200000, 0x0000000744200000, 0x0000000744400000|  0%| F|  |TAMS 0x0000000744200000, 0x0000000744200000| Untracked 
|   9|0x0000000744400000, 0x0000000744400000, 0x0000000744600000|  0%| F|  |TAMS 0x0000000744400000, 0x0000000744400000| Untracked 
|  10|0x0000000744600000, 0x0000000744600000, 0x0000000744800000|  0%| F|  |TAMS 0x0000000744600000, 0x0000000744600000| Untracked 
|  11|0x0000000744800000, 0x0000000744800000, 0x0000000744a00000|  0%| F|  |TAMS 0x0000000744800000, 0x0000000744800000| Untracked 
|  12|0x0000000744a00000, 0x0000000744a00000, 0x0000000744c00000|  0%| F|  |TAMS 0x0000000744a00000, 0x0000000744a00000| Untracked 
|  13|0x0000000744c00000, 0x0000000744c00000, 0x0000000744e00000|  0%| F|  |TAMS 0x0000000744c00000, 0x0000000744c00000| Untracked 
|  14|0x0000000744e00000, 0x0000000744e00000, 0x0000000745000000|  0%| F|  |TAMS 0x0000000744e00000, 0x0000000744e00000| Untracked 
|  15|0x0000000745000000, 0x0000000745000000, 0x0000000745200000|  0%| F|  |TAMS 0x0000000745000000, 0x0000000745000000| Untracked 
|  16|0x0000000745200000, 0x0000000745200000, 0x0000000745400000|  0%| F|  |TAMS 0x0000000745200000, 0x0000000745200000| Untracked 
|  17|0x0000000745400000, 0x0000000745400000, 0x0000000745600000|  0%| F|  |TAMS 0x0000000745400000, 0x0000000745400000| Untracked 
|  18|0x0000000745600000, 0x0000000745600000, 0x0000000745800000|  0%| F|  |TAMS 0x0000000745600000, 0x0000000745600000| Untracked 
|  19|0x0000000745800000, 0x0000000745800000, 0x0000000745a00000|  0%| F|  |TAMS 0x0000000745800000, 0x0000000745800000| Untracked 
|  20|0x0000000745a00000, 0x0000000745a00000, 0x0000000745c00000|  0%| F|  |TAMS 0x0000000745a00000, 0x0000000745a00000| Untracked 
|  21|0x0000000745c00000, 0x0000000745c00000, 0x0000000745e00000|  0%| F|  |TAMS 0x0000000745c00000, 0x0000000745c00000| Untracked 
|  22|0x0000000745e00000, 0x0000000745e00000, 0x0000000746000000|  0%| F|  |TAMS 0x0000000745e00000, 0x0000000745e00000| Untracked 
|  23|0x0000000746000000, 0x0000000746000000, 0x0000000746200000|  0%| F|  |TAMS 0x0000000746000000, 0x0000000746000000| Untracked 
|  24|0x0000000746200000, 0x0000000746200000, 0x0000000746400000|  0%| F|  |TAMS 0x0000000746200000, 0x0000000746200000| Untracked 
|  25|0x0000000746400000, 0x0000000746400000, 0x0000000746600000|  0%| F|  |TAMS 0x0000000746400000, 0x0000000746400000| Untracked 
|  26|0x0000000746600000, 0x0000000746600000, 0x0000000746800000|  0%| F|  |TAMS 0x0000000746600000, 0x0000000746600000| Untracked 
|  27|0x0000000746800000, 0x0000000746800000, 0x0000000746a00000|  0%| F|  |TAMS 0x0000000746800000, 0x0000000746800000| Untracked 
|  28|0x0000000746a00000, 0x0000000746a00000, 0x0000000746c00000|  0%| F|  |TAMS 0x0000000746a00000, 0x0000000746a00000| Untracked 
|  29|0x0000000746c00000, 0x0000000746c00000, 0x0000000746e00000|  0%| F|  |TAMS 0x0000000746c00000, 0x0000000746c00000| Untracked 
|  30|0x0000000746e00000, 0x0000000746e00000, 0x0000000747000000|  0%| F|  |TAMS 0x0000000746e00000, 0x0000000746e00000| Untracked 
|  31|0x0000000747000000, 0x0000000747000000, 0x0000000747200000|  0%| F|  |TAMS 0x0000000747000000, 0x0000000747000000| Untracked 
|  32|0x0000000747200000, 0x0000000747200000, 0x0000000747400000|  0%| F|  |TAMS 0x0000000747200000, 0x0000000747200000| Untracked 
|  33|0x0000000747400000, 0x0000000747400000, 0x0000000747600000|  0%| F|  |TAMS 0x0000000747400000, 0x0000000747400000| Untracked 
|  34|0x0000000747600000, 0x0000000747600000, 0x0000000747800000|  0%| F|  |TAMS 0x0000000747600000, 0x0000000747600000| Untracked 
|  35|0x0000000747800000, 0x0000000747800000, 0x0000000747a00000|  0%| F|  |TAMS 0x0000000747800000, 0x0000000747800000| Untracked 
|  36|0x0000000747a00000, 0x0000000747a00000, 0x0000000747c00000|  0%| F|  |TAMS 0x0000000747a00000, 0x0000000747a00000| Untracked 
|  37|0x0000000747c00000, 0x0000000747c00000, 0x0000000747e00000|  0%| F|  |TAMS 0x0000000747c00000, 0x0000000747c00000| Untracked 
|  38|0x0000000747e00000, 0x0000000747e00000, 0x0000000748000000|  0%| F|  |TAMS 0x0000000747e00000, 0x0000000747e00000| Untracked 
|  39|0x0000000748000000, 0x0000000748000000, 0x0000000748200000|  0%| F|  |TAMS 0x0000000748000000, 0x0000000748000000| Untracked 
|  40|0x0000000748200000, 0x0000000748200000, 0x0000000748400000|  0%| F|  |TAMS 0x0000000748200000, 0x0000000748200000| Untracked 
|  41|0x0000000748400000, 0x0000000748400000, 0x0000000748600000|  0%| F|  |TAMS 0x0000000748400000, 0x0000000748400000| Untracked 
|  42|0x0000000748600000, 0x0000000748600000, 0x0000000748800000|  0%| F|  |TAMS 0x0000000748600000, 0x0000000748600000| Untracked 
|  43|0x0000000748800000, 0x0000000748800000, 0x0000000748a00000|  0%| F|  |TAMS 0x0000000748800000, 0x0000000748800000| Untracked 
|  44|0x0000000748a00000, 0x0000000748a00000, 0x0000000748c00000|  0%| F|  |TAMS 0x0000000748a00000, 0x0000000748a00000| Untracked 
|  45|0x0000000748c00000, 0x0000000748c00000, 0x0000000748e00000|  0%| F|  |TAMS 0x0000000748c00000, 0x0000000748c00000| Untracked 
|  46|0x0000000748e00000, 0x0000000748e00000, 0x0000000749000000|  0%| F|  |TAMS 0x0000000748e00000, 0x0000000748e00000| Untracked 
|  47|0x0000000749000000, 0x0000000749000000, 0x0000000749200000|  0%| F|  |TAMS 0x0000000749000000, 0x0000000749000000| Untracked 
|  48|0x0000000749200000, 0x0000000749200000, 0x0000000749400000|  0%| F|  |TAMS 0x0000000749200000, 0x0000000749200000| Untracked 
|  49|0x0000000749400000, 0x0000000749400000, 0x0000000749600000|  0%| F|  |TAMS 0x0000000749400000, 0x0000000749400000| Untracked 
|  50|0x0000000749600000, 0x0000000749600000, 0x0000000749800000|  0%| F|  |TAMS 0x0000000749600000, 0x0000000749600000| Untracked 
|  51|0x0000000749800000, 0x0000000749800000, 0x0000000749a00000|  0%| F|  |TAMS 0x0000000749800000, 0x0000000749800000| Untracked 
|  52|0x0000000749a00000, 0x0000000749a00000, 0x0000000749c00000|  0%| F|  |TAMS 0x0000000749a00000, 0x0000000749a00000| Untracked 
|  53|0x0000000749c00000, 0x0000000749c00000, 0x0000000749e00000|  0%| F|  |TAMS 0x0000000749c00000, 0x0000000749c00000| Untracked 
|  54|0x0000000749e00000, 0x0000000749e00000, 0x000000074a000000|  0%| F|  |TAMS 0x0000000749e00000, 0x0000000749e00000| Untracked 
|  55|0x000000074a000000, 0x000000074a000000, 0x000000074a200000|  0%| F|  |TAMS 0x000000074a000000, 0x000000074a000000| Untracked 
|  56|0x000000074a200000, 0x000000074a200000, 0x000000074a400000|  0%| F|  |TAMS 0x000000074a200000, 0x000000074a200000| Untracked 
|  57|0x000000074a400000, 0x000000074a400000, 0x000000074a600000|  0%| F|  |TAMS 0x000000074a400000, 0x000000074a400000| Untracked 
|  58|0x000000074a600000, 0x000000074a600000, 0x000000074a800000|  0%| F|  |TAMS 0x000000074a600000, 0x000000074a600000| Untracked 
|  59|0x000000074a800000, 0x000000074a800000, 0x000000074aa00000|  0%| F|  |TAMS 0x000000074a800000, 0x000000074a800000| Untracked 
|  60|0x000000074aa00000, 0x000000074aa00000, 0x000000074ac00000|  0%| F|  |TAMS 0x000000074aa00000, 0x000000074aa00000| Untracked 
|  61|0x000000074ac00000, 0x000000074ac00000, 0x000000074ae00000|  0%| F|  |TAMS 0x000000074ac00000, 0x000000074ac00000| Untracked 
|  62|0x000000074ae00000, 0x000000074ae00000, 0x000000074b000000|  0%| F|  |TAMS 0x000000074ae00000, 0x000000074ae00000| Untracked 
|  63|0x000000074b000000, 0x000000074b000000, 0x000000074b200000|  0%| F|  |TAMS 0x000000074b000000, 0x000000074b000000| Untracked 
|  64|0x000000074b200000, 0x000000074b200000, 0x000000074b400000|  0%| F|  |TAMS 0x000000074b200000, 0x000000074b200000| Untracked 
|  65|0x000000074b400000, 0x000000074b400000, 0x000000074b600000|  0%| F|  |TAMS 0x000000074b400000, 0x000000074b400000| Untracked 
|  66|0x000000074b600000, 0x000000074b600000, 0x000000074b800000|  0%| F|  |TAMS 0x000000074b600000, 0x000000074b600000| Untracked 
|  67|0x000000074b800000, 0x000000074b800000, 0x000000074ba00000|  0%| F|  |TAMS 0x000000074b800000, 0x000000074b800000| Untracked 
|  68|0x000000074ba00000, 0x000000074ba00000, 0x000000074bc00000|  0%| F|  |TAMS 0x000000074ba00000, 0x000000074ba00000| Untracked 
|  69|0x000000074bc00000, 0x000000074bc00000, 0x000000074be00000|  0%| F|  |TAMS 0x000000074bc00000, 0x000000074bc00000| Untracked 
|  70|0x000000074be00000, 0x000000074be00000, 0x000000074c000000|  0%| F|  |TAMS 0x000000074be00000, 0x000000074be00000| Untracked 
|  71|0x000000074c000000, 0x000000074c000000, 0x000000074c200000|  0%| F|  |TAMS 0x000000074c000000, 0x000000074c000000| Untracked 
|  72|0x000000074c200000, 0x000000074c200000, 0x000000074c400000|  0%| F|  |TAMS 0x000000074c200000, 0x000000074c200000| Untracked 
|  73|0x000000074c400000, 0x000000074c400000, 0x000000074c600000|  0%| F|  |TAMS 0x000000074c400000, 0x000000074c400000| Untracked 
|  74|0x000000074c600000, 0x000000074c600000, 0x000000074c800000|  0%| F|  |TAMS 0x000000074c600000, 0x000000074c600000| Untracked 
|  75|0x000000074c800000, 0x000000074c800000, 0x000000074ca00000|  0%| F|  |TAMS 0x000000074c800000, 0x000000074c800000| Untracked 
|  76|0x000000074ca00000, 0x000000074ca00000, 0x000000074cc00000|  0%| F|  |TAMS 0x000000074ca00000, 0x000000074ca00000| Untracked 
|  77|0x000000074cc00000, 0x000000074cc00000, 0x000000074ce00000|  0%| F|  |TAMS 0x000000074cc00000, 0x000000074cc00000| Untracked 
|  78|0x000000074ce00000, 0x000000074ce00000, 0x000000074d000000|  0%| F|  |TAMS 0x000000074ce00000, 0x000000074ce00000| Untracked 
|  79|0x000000074d000000, 0x000000074d000000, 0x000000074d200000|  0%| F|  |TAMS 0x000000074d000000, 0x000000074d000000| Untracked 
|  80|0x000000074d200000, 0x000000074d200000, 0x000000074d400000|  0%| F|  |TAMS 0x000000074d200000, 0x000000074d200000| Untracked 
|  81|0x000000074d400000, 0x000000074d400000, 0x000000074d600000|  0%| F|  |TAMS 0x000000074d400000, 0x000000074d400000| Untracked 
|  82|0x000000074d600000, 0x000000074d600000, 0x000000074d800000|  0%| F|  |TAMS 0x000000074d600000, 0x000000074d600000| Untracked 
|  83|0x000000074d800000, 0x000000074d800000, 0x000000074da00000|  0%| F|  |TAMS 0x000000074d800000, 0x000000074d800000| Untracked 
|  84|0x000000074da00000, 0x000000074da00000, 0x000000074dc00000|  0%| F|  |TAMS 0x000000074da00000, 0x000000074da00000| Untracked 
|  85|0x000000074dc00000, 0x000000074dc00000, 0x000000074de00000|  0%| F|  |TAMS 0x000000074dc00000, 0x000000074dc00000| Untracked 
|  86|0x000000074de00000, 0x000000074de00000, 0x000000074e000000|  0%| F|  |TAMS 0x000000074de00000, 0x000000074de00000| Untracked 
|  87|0x000000074e000000, 0x000000074e000000, 0x000000074e200000|  0%| F|  |TAMS 0x000000074e000000, 0x000000074e000000| Untracked 
|  88|0x000000074e200000, 0x000000074e200000, 0x000000074e400000|  0%| F|  |TAMS 0x000000074e200000, 0x000000074e200000| Untracked 
|  89|0x000000074e400000, 0x000000074e400000, 0x000000074e600000|  0%| F|  |TAMS 0x000000074e400000, 0x000000074e400000| Untracked 
|  90|0x000000074e600000, 0x000000074e600000, 0x000000074e800000|  0%| F|  |TAMS 0x000000074e600000, 0x000000074e600000| Untracked 
|  91|0x000000074e800000, 0x000000074e800000, 0x000000074ea00000|  0%| F|  |TAMS 0x000000074e800000, 0x000000074e800000| Untracked 
|  92|0x000000074ea00000, 0x000000074ea00000, 0x000000074ec00000|  0%| F|  |TAMS 0x000000074ea00000, 0x000000074ea00000| Untracked 
|  93|0x000000074ec00000, 0x000000074ed52850, 0x000000074ee00000| 66%| E|  |TAMS 0x000000074ec00000, 0x000000074ec00000| Complete 
|  94|0x000000074ee00000, 0x000000074f000000, 0x000000074f000000|100%| E|CS|TAMS 0x000000074ee00000, 0x000000074ee00000| Complete 

Card table byte_map: [0x0000015ac58b0000,0x0000015ac5ea0000] _byte_map_base: 0x0000015ac1e97000

Marking Bits (Prev, Next): (CMBitMap*) 0x0000015aac16e7a0, (CMBitMap*) 0x0000015aac16e7e0
 Prev Bits: [0x0000015ac6490000, 0x0000015ac93c8000)
 Next Bits: [0x0000015ac93d0000, 0x0000015acc308000)

Polling page: 0x0000015aadda0000

Metaspace:

Usage:
  Non-class:    425.80 KB used.
      Class:     30.48 KB used.
       Both:    456.28 KB used.

Virtual space:
  Non-class space:       64.00 MB reserved,     512.00 KB ( <1%) committed,  1 nodes.
      Class space:        1.00 GB reserved,     128.00 KB ( <1%) committed,  1 nodes.
             Both:        1.06 GB reserved,     640.00 KB ( <1%) committed. 

Chunk freelists:
   Non-Class:  11.97 MB
       Class:  15.74 MB
        Both:  27.71 MB

MaxMetaspaceSize: unlimited
CompressedClassSpaceSize: 1.00 GB
Initial GC threshold: 21.00 MB
Current GC threshold: 21.00 MB
CDS: on
MetaspaceReclaimPolicy: balanced
 - commit_granule_bytes: 65536.
 - commit_granule_words: 8192.
 - virtual_space_node_default_size: 8388608.
 - enlarge_chunks_in_place: 1.
 - new_chunks_are_fully_committed: 0.
 - uncommit_free_chunks: 1.
 - use_allocation_guard: 0.
 - handle_deallocations: 1.


Internal statistics:

num_allocs_failed_limit: 0.
num_arena_births: 10.
num_arena_deaths: 0.
num_vsnodes_births: 2.
num_vsnodes_deaths: 0.
num_space_committed: 10.
num_space_uncommitted: 0.
num_chunks_returned_to_freelist: 0.
num_chunks_taken_from_freelist: 15.
num_chunk_merges: 0.
num_chunk_splits: 9.
num_chunks_enlarged: 4.
num_inconsistent_stats: 0.

CodeHeap 'non-profiled nmethods': size=120000Kb used=64Kb max_used=64Kb free=119935Kb
 bounds [0x0000015abd950000, 0x0000015abdbc0000, 0x0000015ac4e80000]
CodeHeap 'profiled nmethods': size=120000Kb used=180Kb max_used=180Kb free=119819Kb
 bounds [0x0000015ab5e80000, 0x0000015ab60f0000, 0x0000015abd3b0000]
CodeHeap 'non-nmethods': size=5760Kb used=1121Kb max_used=1121Kb free=4638Kb
 bounds [0x0000015abd3b0000, 0x0000015abd620000, 0x0000015abd950000]
 total_blobs=570 nmethods=182 adapters=301
 compilation: enabled
              stopped_count=0, restarted_count=0
 full_count=0

Compilation events (20 events):
Event: 0.106 Thread 0x0000015b14030ce0  166       3       java.lang.System::allowSecurityManager (13 bytes)
Event: 0.106 Thread 0x0000015b14030ce0 nmethod 166 0x0000015ab5eab490 code [0x0000015ab5eab620, 0x0000015ab5eab738]
Event: 0.106 Thread 0x0000015b14030ce0  169       3       java.lang.invoke.MethodType$ConcurrentWeakInternSet::expungeStaleElements (27 bytes)
Event: 0.107 Thread 0x0000015b14030ce0 nmethod 169 0x0000015ab5eab790 code [0x0000015ab5eab960, 0x0000015ab5eabe58]
Event: 0.107 Thread 0x0000015b14030ce0  167       1       java.lang.invoke.MethodType::ptypes (5 bytes)
Event: 0.107 Thread 0x0000015b14030ce0 nmethod 167 0x0000015abd95ec10 code [0x0000015abd95eda0, 0x0000015abd95ee78]
Event: 0.107 Thread 0x0000015b14030ce0  171       1       java.lang.invoke.MethodHandle::type (5 bytes)
Event: 0.107 Thread 0x0000015b14030ce0 nmethod 171 0x0000015abd95ef10 code [0x0000015abd95f0a0, 0x0000015abd95f178]
Event: 0.107 Thread 0x0000015b14030ce0  174       3       java.lang.Math::max (11 bytes)
Event: 0.107 Thread 0x0000015b14030ce0 nmethod 174 0x0000015ab5eac010 code [0x0000015ab5eac1a0, 0x0000015ab5eac2d8]
Event: 0.107 Thread 0x0000015b14030ce0  177       3       java.lang.invoke.MemberName::testAllFlags (7 bytes)
Event: 0.107 Thread 0x0000015b14030ce0 nmethod 177 0x0000015ab5eac390 code [0x0000015ab5eac520, 0x0000015ab5eac6f8]
Event: 0.108 Thread 0x0000015b14030ce0  178       3       java.lang.invoke.MethodType::parameterCount (6 bytes)
Event: 0.108 Thread 0x0000015b14030ce0 nmethod 178 0x0000015ab5eac790 code [0x0000015ab5eac920, 0x0000015ab5eaca38]
Event: 0.108 Thread 0x0000015b14030ce0  180       3       java.lang.invoke.MemberName::initResolved (53 bytes)
Event: 0.108 Thread 0x0000015b14030ce0 nmethod 180 0x0000015ab5eacb10 code [0x0000015ab5eacca0, 0x0000015ab5eace58]
Event: 0.108 Thread 0x0000015b14030ce0  181       1       java.lang.Class::getModule (5 bytes)
Event: 0.108 Thread 0x0000015b14030ce0 nmethod 181 0x0000015abd95ff90 code [0x0000015abd960120, 0x0000015abd9601f8]
Event: 0.109 Thread 0x0000015b14030ce0  182       3       java.lang.AbstractStringBuilder::getCoder (15 bytes)
Event: 0.109 Thread 0x0000015b14030ce0 nmethod 182 0x0000015ab5eacf10 code [0x0000015ab5ead0a0, 0x0000015ab5ead1d8]

GC Heap History (0 events):
No events

Deoptimization events (0 events):
No events

Classes unloaded (0 events):
No events

Classes redefined (1 events):
Event: 0.103 Thread 0x0000015ace7a8910 redefined class name=java.io.FileOutputStream, count=1

Internal exceptions (1 events):
Event: 0.107 Thread 0x0000015b141b5590 Exception <a 'java/lang/NoSuchMethodError'{0x000000074ec75b20}: 'java.lang.Object java.lang.invoke.DirectMethodHandle$Holder.invokeStaticInit(java.lang.Object)'> (0x000000074ec75b20) 
thrown [s\open\src\hotspot\share\interpreter\linkResolver.cpp, line 759]

VM Operations (6 events):
Event: 0.069 Executing VM operation: HandshakeAllThreads
Event: 0.069 Executing VM operation: HandshakeAllThreads done
Event: 0.103 Executing VM operation: RedefineClasses
Event: 0.104 Executing VM operation: RedefineClasses done
Event: 0.106 Executing VM operation: HandshakeAllThreads
Event: 0.106 Executing VM operation: HandshakeAllThreads done

Events (20 events):
Event: 0.104 loading class java/net/Socket done
Event: 0.105 loading class java/net/InetSocketAddress
Event: 0.105 loading class java/net/SocketAddress
Event: 0.105 loading class java/net/SocketAddress done
Event: 0.105 loading class java/net/InetSocketAddress done
Event: 0.105 loading class jdk/internal/loader/URLClassPath$FileLoader$1
Event: 0.105 loading class jdk/internal/loader/URLClassPath$FileLoader$1 done
Event: 0.107 loading class java/net/InetSocketAddress$InetSocketAddressHolder
Event: 0.107 loading class java/net/InetSocketAddress$InetSocketAddressHolder done
Event: 0.107 loading class java/net/SocketImpl
Event: 0.107 loading class java/net/SocketOptions
Event: 0.107 loading class java/net/SocketOptions done
Event: 0.107 loading class java/net/SocketImpl done
Event: 0.108 loading class sun/net/NetProperties
Event: 0.108 loading class sun/net/NetProperties done
Event: 0.108 loading class sun/net/NetProperties$1
Event: 0.109 loading class sun/net/NetProperties$1 done
Event: 0.109 Thread 0x0000015aae636320 Thread exited: 0x0000015aae636320
Event: 0.109 Thread 0x0000015aae636320 Thread added: 0x0000015aae636320
Event: 0.110 Thread 0x0000015aae636320 Thread exited: 0x0000015aae636320


Dynamic libraries:
0x00007ff7c85a0000 - 0x00007ff7c85b0000 	C:\Program Files\Java\jdk-17\bin\java.exe
0x00007fffc4a50000 - 0x00007fffc4c67000 	C:\Windows\SYSTEM32\ntdll.dll
0x00007fffc4790000 - 0x00007fffc4854000 	C:\Windows\System32\KERNEL32.DLL
0x00007fffc43e0000 - 0x00007fffc4786000 	C:\Windows\System32\KERNELBASE.dll
0x0000000072240000 - 0x000000007227b000 	C:\Windows\System32\cyinjct.dll
0x00007fffc4270000 - 0x00007fffc427c000 	C:\Windows\System32\ntnativeapi.dll
0x00007fffc4250000 - 0x00007fffc426e000 	C:\Windows\System32\cyvera.dll
0x00007fffc41e0000 - 0x00007fffc424b000 	C:\Windows\System32\cyvrtrap.dll
0x00007fffb7b70000 - 0x00007fffb7c07000 	C:\Windows\SYSTEM32\apphelp.dll
0x00007fffc2090000 - 0x00007fffc21a1000 	C:\Windows\System32\ucrtbase.dll
0x00007fffbc7b0000 - 0x00007fffbc7c9000 	C:\Program Files\Java\jdk-17\bin\jli.dll
0x00007fffc40e0000 - 0x00007fffc4193000 	C:\Windows\System32\ADVAPI32.dll
0x00007fffc2640000 - 0x00007fffc26e7000 	C:\Windows\System32\msvcrt.dll
0x00007fffc3f40000 - 0x00007fffc3fe8000 	C:\Windows\System32\sechost.dll
0x00007fffc1ef0000 - 0x00007fffc1f18000 	C:\Windows\System32\bcrypt.dll
0x00007fffc42c0000 - 0x00007fffc43d7000 	C:\Windows\System32\RPCRT4.dll
0x00007fffc4860000 - 0x00007fffc4a0e000 	C:\Windows\System32\USER32.dll
0x00007fffc1ec0000 - 0x00007fffc1ee6000 	C:\Windows\System32\win32u.dll
0x00007fffc22d0000 - 0x00007fffc22f9000 	C:\Windows\System32\GDI32.dll
0x00007fffc21b0000 - 0x00007fffc22c8000 	C:\Windows\System32\gdi32full.dll
0x00007fffc1cf0000 - 0x00007fffc1d8a000 	C:\Windows\System32\msvcp_win.dll
0x00007fffbc790000 - 0x00007fffbc7ab000 	C:\Program Files\Java\jdk-17\bin\VCRUNTIME140.dll
0x00007fffb8710000 - 0x00007fffb89a3000 	C:\Windows\WinSxS\amd64_microsoft.windows.common-controls_6595b64144ccf1df_6.0.22621.2506_none_270c5ae97388e100\COMCTL32.dll
0x00007fffb9d00000 - 0x00007fffb9d0a000 	C:\Windows\SYSTEM32\VERSION.dll
0x00007fffc2300000 - 0x00007fffc2331000 	C:\Windows\System32\IMM32.DLL
0x0000000067e40000 - 0x0000000067eb2000 	C:\Windows\System32\QIPCAP64.dll
0x00007fffc3490000 - 0x00007fffc3cea000 	C:\Windows\System32\SHELL32.dll
0x00007fffc0560000 - 0x00007fffc0659000 	C:\Windows\SYSTEM32\DNSAPI.dll
0x00007fffc0530000 - 0x00007fffc055d000 	C:\Windows\SYSTEM32\IPHLPAPI.DLL
0x00007fffc29b0000 - 0x00007fffc29b9000 	C:\Windows\System32\NSI.dll
0x00007fffbd8a0000 - 0x00007fffbd8ac000 	C:\Program Files\Java\jdk-17\bin\vcruntime140_1.dll
0x00007fffac5a0000 - 0x00007fffac62e000 	C:\Program Files\Java\jdk-17\bin\msvcp140.dll
0x00007fff38f30000 - 0x00007fff39b0f000 	C:\Program Files\Java\jdk-17\bin\server\jvm.dll
0x00007fffc40d0000 - 0x00007fffc40d8000 	C:\Windows\System32\PSAPI.DLL
0x00007fffb2620000 - 0x00007fffb2629000 	C:\Windows\SYSTEM32\WSOCK32.dll
0x00007fffc2500000 - 0x00007fffc2571000 	C:\Windows\System32\WS2_32.dll
0x00007fffbca20000 - 0x00007fffbca54000 	C:\Windows\SYSTEM32\WINMM.dll
0x00007fffc0ca0000 - 0x00007fffc0cb8000 	C:\Windows\SYSTEM32\kernel.appcore.dll
0x00007fffbc780000 - 0x00007fffbc78a000 	C:\Program Files\Java\jdk-17\bin\jimage.dll
0x00007fffbf570000 - 0x00007fffbf7a3000 	C:\Windows\SYSTEM32\DBGHELP.DLL
0x00007fffc2f60000 - 0x00007fffc32e9000 	C:\Windows\System32\combase.dll
0x00007fffc27d0000 - 0x00007fffc28a7000 	C:\Windows\System32\OLEAUT32.dll
0x00007fffb7c10000 - 0x00007fffb7c42000 	C:\Windows\SYSTEM32\dbgcore.DLL
0x00007fffc1c70000 - 0x00007fffc1cea000 	C:\Windows\System32\bcryptPrimitives.dll
0x00007fffbc770000 - 0x00007fffbc77e000 	C:\Program Files\Java\jdk-17\bin\instrument.dll
0x00007fffb1760000 - 0x00007fffb1785000 	C:\Program Files\Java\jdk-17\bin\java.dll
0x0000015aaddb0000 - 0x0000015aadde7000 	C:\Program Files\Palo Alto Networks\Traps\cyjagent.dll
0x00007fffac4c0000 - 0x00007fffac597000 	C:\Program Files\Java\jdk-17\bin\jsvml.dll
0x00007fffbf9e0000 - 0x00007fffc02d6000 	C:\Windows\SYSTEM32\windows.storage.dll
0x00007fffbf8a0000 - 0x00007fffbf9de000 	C:\Windows\SYSTEM32\wintypes.dll
0x00007fffc28b0000 - 0x00007fffc29a3000 	C:\Windows\System32\SHCORE.dll
0x00007fffc3ec0000 - 0x00007fffc3f1e000 	C:\Windows\System32\shlwapi.dll
0x00007fffc1ba0000 - 0x00007fffc1bc6000 	C:\Windows\SYSTEM32\profapi.dll
0x00007fffb0ac0000 - 0x00007fffb0ad8000 	C:\Program Files\Java\jdk-17\bin\zip.dll
0x00007fffb3470000 - 0x00007fffb3489000 	C:\Program Files\Java\jdk-17\bin\net.dll
0x00007fffbd230000 - 0x00007fffbd367000 	C:\Windows\SYSTEM32\WINHTTP.dll
0x00007fffc1120000 - 0x00007fffc1189000 	C:\Windows\system32\mswsock.dll
0x00007fffb1740000 - 0x00007fffb1756000 	C:\Program Files\Java\jdk-17\bin\nio.dll
0x00007fffb4090000 - 0x00007fffb40aa000 	D:\IntelliJ IDEA Community Edition 2023.3.2\bin\breakgen64.dll

dbghelp: loaded successfully - version: 4.0.5 - missing functions: none
symbol engine: initialized successfully - sym options: 0x614 - pdb path: .;C:\Program Files\Java\jdk-17\bin;C:\Windows\SYSTEM32;C:\Windows\WinSxS\amd64_microsoft.windows.common-controls_6595b64144ccf1df_6.0.22621.2506_none_270c5ae97388e100;C:\Program Files\Java\jdk-17\bin\server;C:\Program Files\Palo Alto Networks\Traps;D:\IntelliJ IDEA Community Edition 2023.3.2\bin

VM Arguments:
jvm_args: -javaagent:D:\IntelliJ IDEA Community Edition 2023.3.2\lib\idea_rt.jar=49786:D:\IntelliJ IDEA Community Edition 2023.3.2\bin -Dfile.encoding=UTF-8 -agentpath:C:\Program Files\Palo Alto Networks\Traps\cyjagent.dll 
java_command: JavaPracticeProgram.RemoveWhiteSpaces
java_class_path (initial): C:\Users\lalit.pmloyal\IdeaProjects\LalitJava\out\production\LalitJava
Launcher Type: SUN_STANDARD

[Global flags]
     intx CICompilerCount                          = 4                                         {product} {ergonomic}
     uint ConcGCThreads                            = 2                                         {product} {ergonomic}
     uint G1ConcRefinementThreads                  = 8                                         {product} {ergonomic}
   size_t G1HeapRegionSize                         = 2097152                                   {product} {ergonomic}
    uintx GCDrainStackTargetSize                   = 64                                        {product} {ergonomic}
   size_t InitialHeapSize                          = 199229440                                 {product} {ergonomic}
   size_t MarkStackSize                            = 4194304                                   {product} {ergonomic}
   size_t MaxHeapSize                              = 3168796672                                {product} {ergonomic}
   size_t MaxNewSize                               = 1900019712                                {product} {ergonomic}
   size_t MinHeapDeltaBytes                        = 2097152                                   {product} {ergonomic}
   size_t MinHeapSize                              = 8388608                                   {product} {ergonomic}
    uintx NonNMethodCodeHeapSize                   = 5839372                                {pd product} {ergonomic}
    uintx NonProfiledCodeHeapSize                  = 122909434                              {pd product} {ergonomic}
    uintx ProfiledCodeHeapSize                     = 122909434                              {pd product} {ergonomic}
    uintx ReservedCodeCacheSize                    = 251658240                              {pd product} {ergonomic}
     bool SegmentedCodeCache                       = true                                      {product} {ergonomic}
   size_t SoftMaxHeapSize                          = 3168796672                             {manageable} {ergonomic}
     bool UseCompressedClassPointers               = true                           {product lp64_product} {ergonomic}
     bool UseCompressedOops                        = true                           {product lp64_product} {ergonomic}
     bool UseG1GC                                  = true                                      {product} {ergonomic}
     bool UseLargePagesIndividualAllocation        = false                                  {pd product} {ergonomic}

Logging:
Log output configuration:
 #0: stdout all=warning uptime,level,tags
 #1: stderr all=off uptime,level,tags

Environment Variables:
JAVA_HOME=C:\Program Files\Java\jdk-17
PATH=C:\Program Files\Common Files\Oracle\Java\javapath;C:\Python312\Scripts\;C:\Python312\;C:\Windows\system32;C:\Windows;C:\Windows\System32\Wbem;C:\Windows\System32\WindowsPowerShell\v1.0\;C:\Windows\System32\OpenSSH\;C:\Program Files (x86)\Microsoft SQL Server\160\DTS\Binn\;C:\Program Files\Azure Data Studio\bin;C:\Program Files\Java\jdk-17\bin;C:\ProgramData\chocolatey\bin;C:\Users\lalit.pmloyal\AppData\Local\Android\Sdk\tools\bin;C:\Users\lalit.pmloyal\AppData\Local\Android\Sdk\tools;C:\Users\lalit.pmloyal\AppData\Local\Android\Sdk\platform-tools;C:\Program Files\nodejs\;C:\Program Files\nodejs\node_modules\npm\bin;C:\Users\lalit.pmloyal\AppData\Local\Microsoft\WindowsApps;C:\Users\lalit.pmloyal\AppData\Local\Programs\Microsoft VS Code\bin;C:\Users\lalit.pmloyal\AppData\Local\Programs\Git\cmd;D:\IntelliJ IDEA Community Edition 2023.3.2\bin;;C:\Users\lalit.pmloyal\AppData\Roaming\npm
USERNAME=lalit.shiv
OS=Windows_NT
PROCESSOR_IDENTIFIER=Intel64 Family 6 Model 126 Stepping 5, GenuineIntel



---------------  S Y S T E M  ---------------

OS:
 Windows 11 , 64 bit Build 22621 (10.0.22621.2506)
OS uptime: 1 days 5:28 hours

CPU: total 8 (initial active 8) (4 cores per cpu, 2 threads per core) family 6 model 126 stepping 5 microcode 0xa8, cx8, cmov, fxsr, ht, mmx, 3dnowpref, sse, sse2, sse3, ssse3, sse4.1, sse4.2, popcnt, lzcnt, tsc, tscinvbit, avx, avx2, aes, erms, clmul, bmi1, bmi2, adx, avx512f, avx512dq, avx512cd, avx512bw, avx512vl, sha, fma, vzeroupper, avx512_vpopcntdq, avx512_vpclmulqdq, avx512_vaes, avx512_vnni, clflush, clflushopt, avx512_vbmi2, avx512_vbmi

Memory: 4k page, system-wide physical 12083M (744M free)
TotalPageFile size 23347M (AvailPageFile size 6761M)
current process WorkingSet (physical memory assigned to process): 41M, peak: 41M
current process commit charge ("private bytes"): 278M, peak: 279M

vm_info: Java HotSpot(TM) 64-Bit Server VM (17.0.10+11-LTS-240) for windows-amd64 JRE (17.0.10+11-LTS-240), built on Dec 19 2023 21:47:25 by "mach5one" with MS VC++ 17.1 (VS2022)

END.
