#
# A fatal error has been detected by the Java Runtime Environment:
#
#  EXCEPTION_ACCESS_VIOLATION (0xc0000005) at pc=0x00007ffe9f76c294, pid=15616, tid=27448
#
# JRE version: Java(TM) SE Runtime Environment (17.0.10+11) (build 17.0.10+11-LTS-240)
# Java VM: Java HotSpot(TM) 64-Bit Server VM (17.0.10+11-LTS-240, mixed mode, sharing, tiered, compressed oops, compressed class ptrs, g1 gc, windows-amd64)
# Problematic frame:
# C  [cyjagent.dll+0xc294]
#
# No core dump will be written. Minidumps are not enabled by default on client versions of Windows
#
# If you would like to submit a bug report, please visit:
#   https://bugreport.java.com/bugreport/crash.jsp
# The crash happened outside the Java Virtual Machine in native code.
# See problematic frame for where to report the bug.
#

---------------  S U M M A R Y ------------

Command Line: -javaagent:D:\IntelliJ IDEA Community Edition 2023.3.2\lib\idea_rt.jar=51715:D:\IntelliJ IDEA Community Edition 2023.3.2\bin -Dfile.encoding=UTF-8 -agentpath:C:\Program Files\Palo Alto Networks\Traps\cyjagent.dll AdvancedJava.HashMapDemo

Host: Intel(R) Core(TM) i5-1035G1 CPU @ 1.00GHz, 8 cores, 11G,  Windows 11 , 64 bit Build 22621 (10.0.22621.3235)
Time: Thu Mar 28 07:11:48 2024 India Standard Time elapsed time: 0.163006 seconds (0d 0h 0m 0s)

---------------  T H R E A D  ---------------

Current thread (0x00000197d8e2dcc0):  JavaThread "Monitor Ctrl-Break" daemon [_thread_in_native, id=27448, stack(0x0000008a3a800000,0x0000008a3a900000)]

Stack: [0x0000008a3a800000,0x0000008a3a900000],  sp=0x0000008a3a8fe290,  free space=1016k
Native frames: (J=compiled Java code, j=interpreted, Vv=VM code, C=native code)
C  [cyjagent.dll+0xc294]

Java frames: (J=compiled Java code, j=interpreted, Vv=VM code)
j  sun.nio.ch.NioSocketImpl.beginConnect(Ljava/net/InetAddress;I)Ljava/io/FileDescriptor;+131 java.base@17.0.10
j  sun.nio.ch.NioSocketImpl.connect(Ljava/net/SocketAddress;I)V+86 java.base@17.0.10
j  java.net.SocksSocketImpl.connect(Ljava/net/SocketAddress;I)V+410 java.base@17.0.10
j  java.net.Socket.connect(Ljava/net/SocketAddress;I)V+168 java.base@17.0.10
j  java.net.Socket.connect(Ljava/net/SocketAddress;)V+3 java.base@17.0.10
j  java.net.Socket.<init>(Ljava/net/SocketAddress;Ljava/net/SocketAddress;Z)V+77 java.base@17.0.10
j  java.net.Socket.<init>(Ljava/lang/String;I)V+34 java.base@17.0.10
j  com.intellij.rt.execution.application.AppMainV2$1.run()V+10
v  ~StubRoutines::call_stub

siginfo: EXCEPTION_ACCESS_VIOLATION (0xc0000005), reading address 0x0000000000000000


Registers:
RAX=0x0000000000000000, RBX=0x00000197d8e2df70, RCX=0x0000000000000000, RDX=0x00000197b5cc7350
RSP=0x0000008a3a8fe290, RBP=0x00000197b7c8f8d0, RSI=0x0000000000000000, RDI=0x00000197d8be3440
R8 =0x0000008a3a8fe108, R9 =0x0000000000000000, R10=0x0000000000000000, R11=0x0000000000000246
R12=0x00000197d8be3440, R13=0x00000197d8d5da70, R14=0x0000008a3a8fe4b0, R15=0x0000000000000000
RIP=0x00007ffe9f76c294, EFLAGS=0x0000000000010202


Register to memory mapping:

RIP=0x00007ffe9f76c294 cyjagent.dll
RAX=0x0 is NULL
RBX=0x00000197d8e2df70 points into unknown readable memory: 0x00007ffe5a372670 | 70 26 37 5a fe 7f 00 00
RCX=0x0 is NULL
RDX=0x00000197b5cc7350 points into unknown readable memory: 0x00000197d8e2dcc0 | c0 dc e2 d8 97 01 00 00
RSP=0x0000008a3a8fe290 is pointing into the stack for thread: 0x00000197d8e2dcc0
RBP=0x00000197b7c8f8d0 points into unknown readable memory: 0x00000197b7bc3720 | 20 37 bc b7 97 01 00 00
RSI=0x0 is NULL
RDI=0x00000197d8be3440 points into unknown readable memory: 0x2f6f696e2f6e7573 | 73 75 6e 2f 6e 69 6f 2f
R8 =0x0000008a3a8fe108 is pointing into the stack for thread: 0x00000197d8e2dcc0
R9 =0x0 is NULL
R10=0x0 is NULL
R11=0x0000000000000246 is an unknown value
R12=0x00000197d8be3440 points into unknown readable memory: 0x2f6f696e2f6e7573 | 73 75 6e 2f 6e 69 6f 2f
R13=0x00000197d8d5da70 points into unknown readable memory: 0x0000000000000002 | 02 00 00 00 00 00 00 00
R14=0x0000008a3a8fe4b0 is pointing into the stack for thread: 0x00000197d8e2dcc0
R15=0x0 is NULL


Top of Stack: (sp=0x0000008a3a8fe290)
0x0000008a3a8fe290:   00000197d8be3440 00000197d8e2df70
0x0000008a3a8fe2a0:   0000008a3a8fe330 00007ffe59cd894a
0x0000008a3a8fe2b0:   0000008a3a8fe330 00007ffe5a018fbd
0x0000008a3a8fe2c0:   00000197d8863b50 00000197b7c8f8d0
0x0000008a3a8fe2d0:   0000000000000017 00000197d8c8f450
0x0000008a3a8fe2e0:   00000197b82df5d0 00000197d8e2dcc0
0x0000008a3a8fe2f0:   0000008a3a8fe4e8 00007ffe59df40e6
0x0000008a3a8fe300:   00000197b82df5d0 00000197d8e2dcc0
0x0000008a3a8fe310:   0000000000000000 00007ffe59ac2dc1
0x0000008a3a8fe320:   00000197d8be3440 0000000000000000
0x0000008a3a8fe330:   00000197000001a5 00000197d8be3260
0x0000008a3a8fe340:   0000008a3a8fe438 0000008a3a8fe358
0x0000008a3a8fe350:   0000019700000000 0000000000000000
0x0000008a3a8fe360:   0000000000000000 0000000000000000
0x0000008a3a8fe370:   00000197d8d5da70 00000197d8be3210
0x0000008a3a8fe380:   00000197d8be3460 00000197d8be35f8 

Instructions: (pc=0x00007ffe9f76c294)
0x00007ffe9f76c194:   00 00 03 72 2d 44 8b ce 48 8d 05 6d df 01 00 ba
0x00007ffe9f76c1a4:   2f 00 00 00 4e 8b 0c c8 48 8b 89 f0 02 00 00 4c
0x00007ffe9f76c1b4:   8d 05 86 de 01 00 e8 81 4f ff ff 48 8b 0d 1a 38
0x00007ffe9f76c1c4:   02 00 48 3b cb 74 68 f6 81 fc 02 00 00 10 74 5f
0x00007ffe9f76c1d4:   80 b9 f9 02 00 00 02 72 56 4c 8b 8c 24 90 00 00
0x00007ffe9f76c1e4:   00 4c 8d 05 54 de 01 00 48 8b 89 f0 02 00 00 ba
0x00007ffe9f76c1f4:   31 00 00 00 e8 43 4f ff ff eb 34 49 8b 0f 4c 8b
0x00007ffe9f76c204:   c3 48 8b d6 e8 f3 63 00 00 48 8b 84 24 b0 00 00
0x00007ffe9f76c214:   00 89 18 48 8b 0d aa 4b 02 00 4c 8b c6 33 d2 ff
0x00007ffe9f76c224:   15 9f 4f 01 00 eb 08 a8 02 75 04 c6 47 40 01 b8
0x00007ffe9f76c234:   ff ff ff ff f0 0f c1 47 10 4c 8b b4 24 88 00 00
0x00007ffe9f76c244:   00 83 f8 01 75 42 48 8b 4f 18 48 81 c1 70 01 00
0x00007ffe9f76c254:   00 ff 15 4d 50 01 00 48 8b 0f 48 8b 47 08 48 89
0x00007ffe9f76c264:   08 48 89 41 08 48 8b 4f 18 48 81 c1 70 01 00 00
0x00007ffe9f76c274:   ff 15 36 50 01 00 48 8b 0d 47 4b 02 00 4c 8b c7
0x00007ffe9f76c284:   33 d2 ff 15 3c 4f 01 00 48 8b 4d 20 48 8b 55 10
0x00007ffe9f76c294:   48 8b 01 48 8b 80 08 01 00 00 ff 15 3c 50 01 00
0x00007ffe9f76c2a4:   85 c0 74 40 48 8b 0d 31 37 02 00 48 8d 15 2a 37
0x00007ffe9f76c2b4:   02 00 48 3b ca 74 2d f6 81 fc 02 00 00 10 74 24
0x00007ffe9f76c2c4:   80 b9 f9 02 00 00 03 72 1b 48 8b 89 f0 02 00 00
0x00007ffe9f76c2d4:   4c 8d 05 65 dd 01 00 ba 15 00 00 00 44 8b c8 e8
0x00007ffe9f76c2e4:   98 4d ff ff 48 8b 6c 24 78 48 8b b4 24 80 00 00
0x00007ffe9f76c2f4:   00 48 83 c4 50 41 5f 5f 5b c3 cc cc 40 57 48 83
0x00007ffe9f76c304:   ec 30 f6 81 78 01 00 00 04 48 8b f9 0f 85 87 02
0x00007ffe9f76c314:   00 00 48 89 5c 24 40 45 33 c9 48 89 6c 24 48 33
0x00007ffe9f76c324:   d2 48 89 74 24 50 48 8b 71 20 45 8d 41 32 48 8b
0x00007ffe9f76c334:   ce 48 8b 06 48 8b 40 08 ff 15 9e 4f 01 00 48 8d
0x00007ffe9f76c344:   2d 97 36 02 00 85 c0 74 37 48 8b 0d 8c 36 02 00
0x00007ffe9f76c354:   48 3b cd 74 2b f6 81 fc 02 00 00 10 74 22 80 b9
0x00007ffe9f76c364:   f9 02 00 00 02 72 19 48 8b 89 f0 02 00 00 ba 11
0x00007ffe9f76c374:   00 00 00 89 44 24 20 44 8d 4a 21 e8 7c dc ff ff
0x00007ffe9f76c384:   48 8b 06 45 33 c9 33 d2 48 8b ce 48 8b 40 08 45 


Stack slot to memory mapping:
stack at sp + 0 slots: 0x00000197d8be3440 points into unknown readable memory: 0x2f6f696e2f6e7573 | 73 75 6e 2f 6e 69 6f 2f
stack at sp + 1 slots: 0x00000197d8e2df70 points into unknown readable memory: 0x00007ffe5a372670 | 70 26 37 5a fe 7f 00 00
stack at sp + 2 slots: 0x0000008a3a8fe330 is pointing into the stack for thread: 0x00000197d8e2dcc0
stack at sp + 3 slots: 0x00007ffe59cd894a jvm.dll
stack at sp + 4 slots: 0x0000008a3a8fe330 is pointing into the stack for thread: 0x00000197d8e2dcc0
stack at sp + 5 slots: 0x00007ffe5a018fbd jvm.dll
stack at sp + 6 slots: 0x00000197d8863b50 points into unknown readable memory: 0x757300172456ffff | ff ff 56 24 17 00 73 75
stack at sp + 7 slots: 0x00000197b7c8f8d0 points into unknown readable memory: 0x00000197b7bc3720 | 20 37 bc b7 97 01 00 00


---------------  P R O C E S S  ---------------

Threads class SMR info:
_java_thread_list=0x00000197d896e760, length=12, elements={
0x00000197d8960360, 0x00000197d8962f30, 0x00000197d8b9f110, 0x00000197d8b9fbe0,
0x00000197d8ba27b0, 0x00000197d8ba5180, 0x00000197d8ba7f30, 0x00000197d8bc16f0,
0x00000197d8be2020, 0x00000197d893ecc0, 0x00000197d8e2dcc0, 0x00000197d8df88d0
}

Java Threads: ( => current thread )
  0x00000197d8960360 JavaThread "Reference Handler" daemon [_thread_blocked, id=27152, stack(0x0000008a39e00000,0x0000008a39f00000)]
  0x00000197d8962f30 JavaThread "Finalizer" daemon [_thread_blocked, id=11620, stack(0x0000008a39f00000,0x0000008a3a000000)]
  0x00000197d8b9f110 JavaThread "Signal Dispatcher" daemon [_thread_blocked, id=16216, stack(0x0000008a3a000000,0x0000008a3a100000)]
  0x00000197d8b9fbe0 JavaThread "Attach Listener" daemon [_thread_blocked, id=26204, stack(0x0000008a3a100000,0x0000008a3a200000)]
  0x00000197d8ba27b0 JavaThread "Service Thread" daemon [_thread_blocked, id=27316, stack(0x0000008a3a200000,0x0000008a3a300000)]
  0x00000197d8ba5180 JavaThread "Monitor Deflation Thread" daemon [_thread_blocked, id=24304, stack(0x0000008a3a300000,0x0000008a3a400000)]
  0x00000197d8ba7f30 JavaThread "C2 CompilerThread0" daemon [_thread_blocked, id=26924, stack(0x0000008a3a400000,0x0000008a3a500000)]
  0x00000197d8bc16f0 JavaThread "C1 CompilerThread0" daemon [_thread_blocked, id=16044, stack(0x0000008a3a500000,0x0000008a3a600000)]
  0x00000197d8be2020 JavaThread "Sweeper thread" daemon [_thread_blocked, id=26000, stack(0x0000008a3a600000,0x0000008a3a700000)]
  0x00000197d893ecc0 JavaThread "Common-Cleaner" daemon [_thread_blocked, id=15276, stack(0x0000008a3a700000,0x0000008a3a800000)]
=>0x00000197d8e2dcc0 JavaThread "Monitor Ctrl-Break" daemon [_thread_in_native, id=27448, stack(0x0000008a3a800000,0x0000008a3a900000)]
  0x00000197d8df88d0 JavaThread "Notification Thread" daemon [_thread_blocked, id=10920, stack(0x0000008a3a900000,0x0000008a3aa00000)]

Other Threads:
  0x00000197d895b8b0 VMThread "VM Thread" [stack: 0x0000008a39d00000,0x0000008a39e00000] [id=13736] _threads_hazard_ptr=0x00000197d896e760
  0x00000197b8347750 GCTaskThread "GC Thread#0" [stack: 0x0000008a39800000,0x0000008a39900000] [id=25120]
  0x00000197b8355380 ConcurrentGCThread "G1 Main Marker" terminated
  0x00000197b8356530 ConcurrentGCThread "G1 Conc#0" [stack: 0x0000008a39a00000,0x0000008a39b00000] [id=9412]
  0x00000197d880da20 ConcurrentGCThread "G1 Refine#0" terminated
  0x00000197d880e450 ConcurrentGCThread "G1 Service" terminated

Threads with active compile tasks:
C1 CompilerThread0      351  218       3       java.lang.Long::<init> (10 bytes)

VM state: at safepoint (normal execution)

VM Mutex/Monitor currently owned by a thread:  ([mutex/lock_event])
[0x00000197b82ecb30] Threads_lock - owner thread: 0x00000197d895b8b0
[0x00000197b82ebae0] Heap_lock - owner thread: 0x00000197b82f01c0

Heap address: 0x0000000743200000, size: 3022 MB, Compressed Oops mode: Zero based, Oop shift amount: 3

CDS archive(s) mapped at: [0x00000197d9000000-0x00000197d9bd0000-0x00000197d9bd0000), size 12386304, SharedBaseAddress: 0x00000197d9000000, ArchiveRelocationMode: 1.
Compressed class space mapped at: 0x00000197da000000-0x000001981a000000, reserved size: 1073741824
Narrow klass base: 0x00000197d9000000, Narrow klass shift: 0, Narrow klass range: 0x100000000

GC Precious Log:
 CPUs: 8 total, 8 available
 Memory: 12083M
 Large Page Support: Disabled
 NUMA Support: Disabled
 Compressed Oops: Enabled (Zero based)
 Heap Region Size: 2M
 Heap Min Capacity: 8M
 Heap Initial Capacity: 190M
 Heap Max Capacity: 3022M
 Pre-touch: Disabled
 Parallel Workers: 8
 Concurrent Workers: 2
 Concurrent Refinement Workers: 8
 Periodic GC: Disabled

Heap:
 garbage-first heap   total 194560K, used 2048K [0x0000000743200000, 0x0000000800000000)
  region size 2048K, 2 young (4096K), 0 survivors (0K)
 Metaspace       used 791K, committed 896K, reserved 1114112K
  class space    used 56K, committed 128K, reserved 1048576K

Heap Regions: E=young(eden), S=young(survivor), O=old, HS=humongous(starts), HC=humongous(continues), CS=collection set, F=free, OA=open archive, CA=closed archive, TAMS=top-at-mark-start (previous, next)
|   0|0x0000000743200000, 0x0000000743200000, 0x0000000743400000|  0%| F|  |TAMS 0x0000000743200000, 0x0000000743200000| Untracked 
|   1|0x0000000743400000, 0x0000000743400000, 0x0000000743600000|  0%| F|  |TAMS 0x0000000743400000, 0x0000000743400000| Untracked 
|   2|0x0000000743600000, 0x0000000743600000, 0x0000000743800000|  0%| F|  |TAMS 0x0000000743600000, 0x0000000743600000| Untracked 
|   3|0x0000000743800000, 0x0000000743800000, 0x0000000743a00000|  0%| F|  |TAMS 0x0000000743800000, 0x0000000743800000| Untracked 
|   4|0x0000000743a00000, 0x0000000743a00000, 0x0000000743c00000|  0%| F|  |TAMS 0x0000000743a00000, 0x0000000743a00000| Untracked 
|   5|0x0000000743c00000, 0x0000000743c00000, 0x0000000743e00000|  0%| F|  |TAMS 0x0000000743c00000, 0x0000000743c00000| Untracked 
|   6|0x0000000743e00000, 0x0000000743e00000, 0x0000000744000000|  0%| F|  |TAMS 0x0000000743e00000, 0x0000000743e00000| Untracked 
|   7|0x0000000744000000, 0x0000000744000000, 0x0000000744200000|  0%| F|  |TAMS 0x0000000744000000, 0x0000000744000000| Untracked 
|   8|0x0000000744200000, 0x0000000744200000, 0x0000000744400000|  0%| F|  |TAMS 0x0000000744200000, 0x0000000744200000| Untracked 
|   9|0x0000000744400000, 0x0000000744400000, 0x0000000744600000|  0%| F|  |TAMS 0x0000000744400000, 0x0000000744400000| Untracked 
|  10|0x0000000744600000, 0x0000000744600000, 0x0000000744800000|  0%| F|  |TAMS 0x0000000744600000, 0x0000000744600000| Untracked 
|  11|0x0000000744800000, 0x0000000744800000, 0x0000000744a00000|  0%| F|  |TAMS 0x0000000744800000, 0x0000000744800000| Untracked 
|  12|0x0000000744a00000, 0x0000000744a00000, 0x0000000744c00000|  0%| F|  |TAMS 0x0000000744a00000, 0x0000000744a00000| Untracked 
|  13|0x0000000744c00000, 0x0000000744c00000, 0x0000000744e00000|  0%| F|  |TAMS 0x0000000744c00000, 0x0000000744c00000| Untracked 
|  14|0x0000000744e00000, 0x0000000744e00000, 0x0000000745000000|  0%| F|  |TAMS 0x0000000744e00000, 0x0000000744e00000| Untracked 
|  15|0x0000000745000000, 0x0000000745000000, 0x0000000745200000|  0%| F|  |TAMS 0x0000000745000000, 0x0000000745000000| Untracked 
|  16|0x0000000745200000, 0x0000000745200000, 0x0000000745400000|  0%| F|  |TAMS 0x0000000745200000, 0x0000000745200000| Untracked 
|  17|0x0000000745400000, 0x0000000745400000, 0x0000000745600000|  0%| F|  |TAMS 0x0000000745400000, 0x0000000745400000| Untracked 
|  18|0x0000000745600000, 0x0000000745600000, 0x0000000745800000|  0%| F|  |TAMS 0x0000000745600000, 0x0000000745600000| Untracked 
|  19|0x0000000745800000, 0x0000000745800000, 0x0000000745a00000|  0%| F|  |TAMS 0x0000000745800000, 0x0000000745800000| Untracked 
|  20|0x0000000745a00000, 0x0000000745a00000, 0x0000000745c00000|  0%| F|  |TAMS 0x0000000745a00000, 0x0000000745a00000| Untracked 
|  21|0x0000000745c00000, 0x0000000745c00000, 0x0000000745e00000|  0%| F|  |TAMS 0x0000000745c00000, 0x0000000745c00000| Untracked 
|  22|0x0000000745e00000, 0x0000000745e00000, 0x0000000746000000|  0%| F|  |TAMS 0x0000000745e00000, 0x0000000745e00000| Untracked 
|  23|0x0000000746000000, 0x0000000746000000, 0x0000000746200000|  0%| F|  |TAMS 0x0000000746000000, 0x0000000746000000| Untracked 
|  24|0x0000000746200000, 0x0000000746200000, 0x0000000746400000|  0%| F|  |TAMS 0x0000000746200000, 0x0000000746200000| Untracked 
|  25|0x0000000746400000, 0x0000000746400000, 0x0000000746600000|  0%| F|  |TAMS 0x0000000746400000, 0x0000000746400000| Untracked 
|  26|0x0000000746600000, 0x0000000746600000, 0x0000000746800000|  0%| F|  |TAMS 0x0000000746600000, 0x0000000746600000| Untracked 
|  27|0x0000000746800000, 0x0000000746800000, 0x0000000746a00000|  0%| F|  |TAMS 0x0000000746800000, 0x0000000746800000| Untracked 
|  28|0x0000000746a00000, 0x0000000746a00000, 0x0000000746c00000|  0%| F|  |TAMS 0x0000000746a00000, 0x0000000746a00000| Untracked 
|  29|0x0000000746c00000, 0x0000000746c00000, 0x0000000746e00000|  0%| F|  |TAMS 0x0000000746c00000, 0x0000000746c00000| Untracked 
|  30|0x0000000746e00000, 0x0000000746e00000, 0x0000000747000000|  0%| F|  |TAMS 0x0000000746e00000, 0x0000000746e00000| Untracked 
|  31|0x0000000747000000, 0x0000000747000000, 0x0000000747200000|  0%| F|  |TAMS 0x0000000747000000, 0x0000000747000000| Untracked 
|  32|0x0000000747200000, 0x0000000747200000, 0x0000000747400000|  0%| F|  |TAMS 0x0000000747200000, 0x0000000747200000| Untracked 
|  33|0x0000000747400000, 0x0000000747400000, 0x0000000747600000|  0%| F|  |TAMS 0x0000000747400000, 0x0000000747400000| Untracked 
|  34|0x0000000747600000, 0x0000000747600000, 0x0000000747800000|  0%| F|  |TAMS 0x0000000747600000, 0x0000000747600000| Untracked 
|  35|0x0000000747800000, 0x0000000747800000, 0x0000000747a00000|  0%| F|  |TAMS 0x0000000747800000, 0x0000000747800000| Untracked 
|  36|0x0000000747a00000, 0x0000000747a00000, 0x0000000747c00000|  0%| F|  |TAMS 0x0000000747a00000, 0x0000000747a00000| Untracked 
|  37|0x0000000747c00000, 0x0000000747c00000, 0x0000000747e00000|  0%| F|  |TAMS 0x0000000747c00000, 0x0000000747c00000| Untracked 
|  38|0x0000000747e00000, 0x0000000747e00000, 0x0000000748000000|  0%| F|  |TAMS 0x0000000747e00000, 0x0000000747e00000| Untracked 
|  39|0x0000000748000000, 0x0000000748000000, 0x0000000748200000|  0%| F|  |TAMS 0x0000000748000000, 0x0000000748000000| Untracked 
|  40|0x0000000748200000, 0x0000000748200000, 0x0000000748400000|  0%| F|  |TAMS 0x0000000748200000, 0x0000000748200000| Untracked 
|  41|0x0000000748400000, 0x0000000748400000, 0x0000000748600000|  0%| F|  |TAMS 0x0000000748400000, 0x0000000748400000| Untracked 
|  42|0x0000000748600000, 0x0000000748600000, 0x0000000748800000|  0%| F|  |TAMS 0x0000000748600000, 0x0000000748600000| Untracked 
|  43|0x0000000748800000, 0x0000000748800000, 0x0000000748a00000|  0%| F|  |TAMS 0x0000000748800000, 0x0000000748800000| Untracked 
|  44|0x0000000748a00000, 0x0000000748a00000, 0x0000000748c00000|  0%| F|  |TAMS 0x0000000748a00000, 0x0000000748a00000| Untracked 
|  45|0x0000000748c00000, 0x0000000748c00000, 0x0000000748e00000|  0%| F|  |TAMS 0x0000000748c00000, 0x0000000748c00000| Untracked 
|  46|0x0000000748e00000, 0x0000000748e00000, 0x0000000749000000|  0%| F|  |TAMS 0x0000000748e00000, 0x0000000748e00000| Untracked 
|  47|0x0000000749000000, 0x0000000749000000, 0x0000000749200000|  0%| F|  |TAMS 0x0000000749000000, 0x0000000749000000| Untracked 
|  48|0x0000000749200000, 0x0000000749200000, 0x0000000749400000|  0%| F|  |TAMS 0x0000000749200000, 0x0000000749200000| Untracked 
|  49|0x0000000749400000, 0x0000000749400000, 0x0000000749600000|  0%| F|  |TAMS 0x0000000749400000, 0x0000000749400000| Untracked 
|  50|0x0000000749600000, 0x0000000749600000, 0x0000000749800000|  0%| F|  |TAMS 0x0000000749600000, 0x0000000749600000| Untracked 
|  51|0x0000000749800000, 0x0000000749800000, 0x0000000749a00000|  0%| F|  |TAMS 0x0000000749800000, 0x0000000749800000| Untracked 
|  52|0x0000000749a00000, 0x0000000749a00000, 0x0000000749c00000|  0%| F|  |TAMS 0x0000000749a00000, 0x0000000749a00000| Untracked 
|  53|0x0000000749c00000, 0x0000000749c00000, 0x0000000749e00000|  0%| F|  |TAMS 0x0000000749c00000, 0x0000000749c00000| Untracked 
|  54|0x0000000749e00000, 0x0000000749e00000, 0x000000074a000000|  0%| F|  |TAMS 0x0000000749e00000, 0x0000000749e00000| Untracked 
|  55|0x000000074a000000, 0x000000074a000000, 0x000000074a200000|  0%| F|  |TAMS 0x000000074a000000, 0x000000074a000000| Untracked 
|  56|0x000000074a200000, 0x000000074a200000, 0x000000074a400000|  0%| F|  |TAMS 0x000000074a200000, 0x000000074a200000| Untracked 
|  57|0x000000074a400000, 0x000000074a400000, 0x000000074a600000|  0%| F|  |TAMS 0x000000074a400000, 0x000000074a400000| Untracked 
|  58|0x000000074a600000, 0x000000074a600000, 0x000000074a800000|  0%| F|  |TAMS 0x000000074a600000, 0x000000074a600000| Untracked 
|  59|0x000000074a800000, 0x000000074a800000, 0x000000074aa00000|  0%| F|  |TAMS 0x000000074a800000, 0x000000074a800000| Untracked 
|  60|0x000000074aa00000, 0x000000074aa00000, 0x000000074ac00000|  0%| F|  |TAMS 0x000000074aa00000, 0x000000074aa00000| Untracked 
|  61|0x000000074ac00000, 0x000000074ac00000, 0x000000074ae00000|  0%| F|  |TAMS 0x000000074ac00000, 0x000000074ac00000| Untracked 
|  62|0x000000074ae00000, 0x000000074ae00000, 0x000000074b000000|  0%| F|  |TAMS 0x000000074ae00000, 0x000000074ae00000| Untracked 
|  63|0x000000074b000000, 0x000000074b000000, 0x000000074b200000|  0%| F|  |TAMS 0x000000074b000000, 0x000000074b000000| Untracked 
|  64|0x000000074b200000, 0x000000074b200000, 0x000000074b400000|  0%| F|  |TAMS 0x000000074b200000, 0x000000074b200000| Untracked 
|  65|0x000000074b400000, 0x000000074b400000, 0x000000074b600000|  0%| F|  |TAMS 0x000000074b400000, 0x000000074b400000| Untracked 
|  66|0x000000074b600000, 0x000000074b600000, 0x000000074b800000|  0%| F|  |TAMS 0x000000074b600000, 0x000000074b600000| Untracked 
|  67|0x000000074b800000, 0x000000074b800000, 0x000000074ba00000|  0%| F|  |TAMS 0x000000074b800000, 0x000000074b800000| Untracked 
|  68|0x000000074ba00000, 0x000000074ba00000, 0x000000074bc00000|  0%| F|  |TAMS 0x000000074ba00000, 0x000000074ba00000| Untracked 
|  69|0x000000074bc00000, 0x000000074bc00000, 0x000000074be00000|  0%| F|  |TAMS 0x000000074bc00000, 0x000000074bc00000| Untracked 
|  70|0x000000074be00000, 0x000000074be00000, 0x000000074c000000|  0%| F|  |TAMS 0x000000074be00000, 0x000000074be00000| Untracked 
|  71|0x000000074c000000, 0x000000074c000000, 0x000000074c200000|  0%| F|  |TAMS 0x000000074c000000, 0x000000074c000000| Untracked 
|  72|0x000000074c200000, 0x000000074c200000, 0x000000074c400000|  0%| F|  |TAMS 0x000000074c200000, 0x000000074c200000| Untracked 
|  73|0x000000074c400000, 0x000000074c400000, 0x000000074c600000|  0%| F|  |TAMS 0x000000074c400000, 0x000000074c400000| Untracked 
|  74|0x000000074c600000, 0x000000074c600000, 0x000000074c800000|  0%| F|  |TAMS 0x000000074c600000, 0x000000074c600000| Untracked 
|  75|0x000000074c800000, 0x000000074c800000, 0x000000074ca00000|  0%| F|  |TAMS 0x000000074c800000, 0x000000074c800000| Untracked 
|  76|0x000000074ca00000, 0x000000074ca00000, 0x000000074cc00000|  0%| F|  |TAMS 0x000000074ca00000, 0x000000074ca00000| Untracked 
|  77|0x000000074cc00000, 0x000000074cc00000, 0x000000074ce00000|  0%| F|  |TAMS 0x000000074cc00000, 0x000000074cc00000| Untracked 
|  78|0x000000074ce00000, 0x000000074ce00000, 0x000000074d000000|  0%| F|  |TAMS 0x000000074ce00000, 0x000000074ce00000| Untracked 
|  79|0x000000074d000000, 0x000000074d000000, 0x000000074d200000|  0%| F|  |TAMS 0x000000074d000000, 0x000000074d000000| Untracked 
|  80|0x000000074d200000, 0x000000074d200000, 0x000000074d400000|  0%| F|  |TAMS 0x000000074d200000, 0x000000074d200000| Untracked 
|  81|0x000000074d400000, 0x000000074d400000, 0x000000074d600000|  0%| F|  |TAMS 0x000000074d400000, 0x000000074d400000| Untracked 
|  82|0x000000074d600000, 0x000000074d600000, 0x000000074d800000|  0%| F|  |TAMS 0x000000074d600000, 0x000000074d600000| Untracked 
|  83|0x000000074d800000, 0x000000074d800000, 0x000000074da00000|  0%| F|  |TAMS 0x000000074d800000, 0x000000074d800000| Untracked 
|  84|0x000000074da00000, 0x000000074da00000, 0x000000074dc00000|  0%| F|  |TAMS 0x000000074da00000, 0x000000074da00000| Untracked 
|  85|0x000000074dc00000, 0x000000074dc00000, 0x000000074de00000|  0%| F|  |TAMS 0x000000074dc00000, 0x000000074dc00000| Untracked 
|  86|0x000000074de00000, 0x000000074de00000, 0x000000074e000000|  0%| F|  |TAMS 0x000000074de00000, 0x000000074de00000| Untracked 
|  87|0x000000074e000000, 0x000000074e000000, 0x000000074e200000|  0%| F|  |TAMS 0x000000074e000000, 0x000000074e000000| Untracked 
|  88|0x000000074e200000, 0x000000074e200000, 0x000000074e400000|  0%| F|  |TAMS 0x000000074e200000, 0x000000074e200000| Untracked 
|  89|0x000000074e400000, 0x000000074e400000, 0x000000074e600000|  0%| F|  |TAMS 0x000000074e400000, 0x000000074e400000| Untracked 
|  90|0x000000074e600000, 0x000000074e600000, 0x000000074e800000|  0%| F|  |TAMS 0x000000074e600000, 0x000000074e600000| Untracked 
|  91|0x000000074e800000, 0x000000074e800000, 0x000000074ea00000|  0%| F|  |TAMS 0x000000074e800000, 0x000000074e800000| Untracked 
|  92|0x000000074ea00000, 0x000000074ea00000, 0x000000074ec00000|  0%| F|  |TAMS 0x000000074ea00000, 0x000000074ea00000| Untracked 
|  93|0x000000074ec00000, 0x000000074ed52850, 0x000000074ee00000| 66%| E|  |TAMS 0x000000074ec00000, 0x000000074ec00000| Complete 
|  94|0x000000074ee00000, 0x000000074f000000, 0x000000074f000000|100%| E|CS|TAMS 0x000000074ee00000, 0x000000074ee00000| Complete 

Card table byte_map: [0x00000197cf690000,0x00000197cfc80000] _byte_map_base: 0x00000197cbc77000

Marking Bits (Prev, Next): (CMBitMap*) 0x00000197b8348d80, (CMBitMap*) 0x00000197b8348dc0
 Prev Bits: [0x00000197d0270000, 0x00000197d31a8000)
 Next Bits: [0x00000197d31b0000, 0x00000197d60e8000)

Polling page: 0x00000197b7a70000

Metaspace:

Usage:
  Non-class:    734.88 KB used.
      Class:     56.50 KB used.
       Both:    791.38 KB used.

Virtual space:
  Non-class space:       64.00 MB reserved,     768.00 KB (  1%) committed,  1 nodes.
      Class space:        1.00 GB reserved,     128.00 KB ( <1%) committed,  1 nodes.
             Both:        1.06 GB reserved,     896.00 KB ( <1%) committed. 

Chunk freelists:
   Non-Class:  11.96 MB
       Class:  15.73 MB
        Both:  27.69 MB

MaxMetaspaceSize: unlimited
CompressedClassSpaceSize: 1.00 GB
Initial GC threshold: 21.00 MB
Current GC threshold: 21.00 MB
CDS: on
MetaspaceReclaimPolicy: balanced
 - commit_granule_bytes: 65536.
 - commit_granule_words: 8192.
 - virtual_space_node_default_size: 8388608.
 - enlarge_chunks_in_place: 1.
 - new_chunks_are_fully_committed: 0.
 - uncommit_free_chunks: 1.
 - use_allocation_guard: 0.
 - handle_deallocations: 1.


Internal statistics:

num_allocs_failed_limit: 0.
num_arena_births: 28.
num_arena_deaths: 0.
num_vsnodes_births: 2.
num_vsnodes_deaths: 0.
num_space_committed: 14.
num_space_uncommitted: 0.
num_chunks_returned_to_freelist: 0.
num_chunks_taken_from_freelist: 35.
num_chunk_merges: 0.
num_chunk_splits: 23.
num_chunks_enlarged: 11.
num_inconsistent_stats: 0.

CodeHeap 'non-profiled nmethods': size=120000Kb used=89Kb max_used=89Kb free=119910Kb
 bounds [0x00000197c7620000, 0x00000197c7890000, 0x00000197ceb50000]
CodeHeap 'profiled nmethods': size=120000Kb used=264Kb max_used=264Kb free=119735Kb
 bounds [0x00000197bfb50000, 0x00000197bfdc0000, 0x00000197c7080000]
CodeHeap 'non-nmethods': size=5760Kb used=1131Kb max_used=1145Kb free=4628Kb
 bounds [0x00000197c7080000, 0x00000197c72f0000, 0x00000197c7620000]
 total_blobs=641 nmethods=242 adapters=312
 compilation: enabled
              stopped_count=0, restarted_count=0
 full_count=0

Compilation events (20 events):
Event: 0.146 Thread 0x00000197d8ba7f30  235       4       java.lang.String::equals (56 bytes)
Event: 0.146 Thread 0x00000197d8bc16f0 nmethod 234 0x00000197bfb8f310 code [0x00000197bfb8f4c0, 0x00000197bfb8f738]
Event: 0.146 Thread 0x00000197d8bc16f0  233       3       jdk.internal.org.objectweb.asm.ByteVector::putByte (39 bytes)
Event: 0.146 Thread 0x00000197d8bc16f0 nmethod 233 0x00000197bfb8f810 code [0x00000197bfb8f9c0, 0x00000197bfb8fba8]
Event: 0.146 Thread 0x00000197d8bc16f0  237       3       jdk.internal.org.objectweb.asm.SymbolTable::addConstantUtf8 (98 bytes)
Event: 0.146 Thread 0x00000197d8bc16f0 nmethod 237 0x00000197bfb8fd10 code [0x00000197bfb8ff40, 0x00000197bfb90538]
Event: 0.147 Thread 0x00000197d8bc16f0  238       3       jdk.internal.org.objectweb.asm.ByteVector::putShort (52 bytes)
Event: 0.147 Thread 0x00000197d8bc16f0 nmethod 238 0x00000197bfb90890 code [0x00000197bfb90a40, 0x00000197bfb90c48]
Event: 0.147 Thread 0x00000197d8bc16f0  236       3       jdk.internal.org.objectweb.asm.Frame::push (109 bytes)
Event: 0.147 Thread 0x00000197d8bc16f0 nmethod 236 0x00000197bfb90d90 code [0x00000197bfb90f60, 0x00000197bfb91508]
Event: 0.148 Thread 0x00000197d8bc16f0  243       3       java.util.HashMap$HashIterator::<init> (79 bytes)
Event: 0.148 Thread 0x00000197d8ba7f30 nmethod 235 0x00000197c7635d90 code [0x00000197c7635f00, 0x00000197c76360f8]
Event: 0.149 Thread 0x00000197d8bc16f0 nmethod 243 0x00000197bfb91710 code [0x00000197bfb918c0, 0x00000197bfb91d18]
Event: 0.149 Thread 0x00000197d8bc16f0  241       3       java.lang.invoke.MethodType::parameterCount (6 bytes)
Event: 0.149 Thread 0x00000197d8bc16f0 nmethod 241 0x00000197bfb91e90 code [0x00000197bfb92020, 0x00000197bfb92138]
Event: 0.149 Thread 0x00000197d8bc16f0  229       1       java.lang.invoke.LambdaForm$BasicType::basicTypeClass (5 bytes)
Event: 0.149 Thread 0x00000197d8bc16f0 nmethod 229 0x00000197c7636190 code [0x00000197c7636320, 0x00000197c76363f8]
Event: 0.149 Thread 0x00000197d8bc16f0  242       1       java.nio.Buffer::position (5 bytes)
Event: 0.149 Thread 0x00000197d8bc16f0 nmethod 242 0x00000197c7636490 code [0x00000197c7636620, 0x00000197c76366f8]
Event: 0.149 Thread 0x00000197d8bc16f0  218       3       java.lang.Long::<init> (10 bytes)

GC Heap History (0 events):
No events

Deoptimization events (4 events):
Event: 0.129 Thread 0x00000197b82f01c0 Uncommon trap: trap_request=0xffffff45 fr.pc=0x00000197c762d85c relative=0x000000000000005c
Event: 0.129 Thread 0x00000197b82f01c0 Uncommon trap: reason=unstable_if action=reinterpret pc=0x00000197c762d85c method=java.lang.String.isLatin1()Z @ 10 c2
Event: 0.129 Thread 0x00000197b82f01c0 DEOPT PACKING pc=0x00000197c762d85c sp=0x0000008a397fe2d0
Event: 0.129 Thread 0x00000197b82f01c0 DEOPT UNPACKING pc=0x00000197c70d5ba3 sp=0x0000008a397fe260 mode 2

Classes unloaded (0 events):
No events

Classes redefined (4 events):
Event: 0.122 Thread 0x00000197d895b8b0 redefined class name=java.io.FileOutputStream, count=1
Event: 0.124 Thread 0x00000197d895b8b0 redefined class name=java.nio.file.Files, count=1
Event: 0.126 Thread 0x00000197d895b8b0 redefined class name=java.io.File, count=1
Event: 0.127 Thread 0x00000197d895b8b0 redefined class name=java.net.URLStreamHandler, count=1

Internal exceptions (2 events):
Event: 0.133 Thread 0x00000197d8e2dcc0 Exception <a 'java/lang/NoSuchMethodError'{0x000000074ec75b20}: 'java.lang.Object java.lang.invoke.DirectMethodHandle$Holder.invokeStaticInit(java.lang.Object)'> (0x000000074ec75b20) 
thrown [s\open\src\hotspot\share\interpreter\linkResolver.cpp, line 759]
Event: 0.145 Thread 0x00000197d8e2dcc0 Exception <a 'java/lang/NoSuchMethodError'{0x000000074ec837e0}: 'void java.lang.invoke.DirectMethodHandle$Holder.invokeStatic(java.lang.Object, java.lang.Object)'> (0x000000074ec837e0) 
thrown [s\open\src\hotspot\share\interpreter\linkResolver.cpp, line 759]

VM Operations (12 events):
Event: 0.079 Executing VM operation: HandshakeAllThreads
Event: 0.079 Executing VM operation: HandshakeAllThreads done
Event: 0.122 Executing VM operation: RedefineClasses
Event: 0.123 Executing VM operation: RedefineClasses done
Event: 0.124 Executing VM operation: RedefineClasses
Event: 0.125 Executing VM operation: RedefineClasses done
Event: 0.126 Executing VM operation: RedefineClasses
Event: 0.127 Executing VM operation: RedefineClasses done
Event: 0.127 Executing VM operation: RedefineClasses
Event: 0.128 Executing VM operation: RedefineClasses done
Event: 0.131 Executing VM operation: HandshakeAllThreads
Event: 0.131 Executing VM operation: HandshakeAllThreads done

Events (20 events):
Event: 0.146 loading class java/net/ProxySelector
Event: 0.146 loading class java/net/ProxySelector done
Event: 0.146 loading class sun/net/spi/DefaultProxySelector
Event: 0.146 loading class sun/net/spi/DefaultProxySelector done
Event: 0.147 loading class java/net/Proxy
Event: 0.147 loading class java/net/Proxy done
Event: 0.147 loading class java/net/Proxy$Type
Event: 0.147 loading class java/net/Proxy$Type done
Event: 0.147 loading class sun/net/spi/DefaultProxySelector$1
Event: 0.147 loading class sun/net/spi/DefaultProxySelector$1 done
Event: 0.147 loading class sun/net/spi/DefaultProxySelector$NonProxyInfo
Event: 0.147 loading class sun/net/spi/DefaultProxySelector$NonProxyInfo done
Event: 0.147 Thread 0x00000197b82f01c0 Thread exited: 0x00000197b82f01c0
Event: 0.148 loading class sun/net/spi/DefaultProxySelector$3
Event: 0.148 Thread 0x00000197b82f01c0 Thread added: 0x00000197b82f01c0
Event: 0.148 loading class sun/net/spi/DefaultProxySelector$3 done
Event: 0.149 loading class sun/net/NetHooks
Event: 0.149 loading class sun/net/NetHooks done
Event: 0.149 loading class sun/nio/ch/NativeThread
Event: 0.149 Thread 0x00000197b82f01c0 Thread exited: 0x00000197b82f01c0


Dynamic libraries:
0x00007ff7133f0000 - 0x00007ff713400000 	C:\Program Files\Java\jdk-17\bin\java.exe
0x00007ffea0010000 - 0x00007ffea0226000 	C:\Windows\SYSTEM32\ntdll.dll
0x00007ffe9fd50000 - 0x00007ffe9fe14000 	C:\Windows\System32\KERNEL32.DLL
0x00007ffe9f9a0000 - 0x00007ffe9fd46000 	C:\Windows\System32\KERNELBASE.dll
0x0000000070d90000 - 0x0000000070dcb000 	C:\Windows\System32\cyinjct.dll
0x00007ffe9f830000 - 0x00007ffe9f83c000 	C:\Windows\System32\ntnativeapi.dll
0x00007ffe8c8f0000 - 0x00007ffe8c909000 	C:\Program Files\Java\jdk-17\bin\jli.dll
0x00007ffe9ec30000 - 0x00007ffe9ece2000 	C:\Windows\System32\ADVAPI32.dll
0x00007ffe9eb80000 - 0x00007ffe9ec27000 	C:\Windows\System32\msvcrt.dll
0x00007ffe9ea70000 - 0x00007ffe9eb18000 	C:\Windows\System32\sechost.dll
0x00007ffe9d5d0000 - 0x00007ffe9d5f8000 	C:\Windows\System32\bcrypt.dll
0x00007ffe9f880000 - 0x00007ffe9f995000 	C:\Windows\System32\RPCRT4.dll
0x00000197b5cf0000 - 0x00000197b5e9d000 	C:\Windows\System32\USER32.dll
0x00007ffe9d2a0000 - 0x00007ffe9d2c6000 	C:\Windows\System32\win32u.dll
0x00007ffe9f230000 - 0x00007ffe9f259000 	C:\Windows\System32\GDI32.dll
0x00007ffe9d770000 - 0x00007ffe9d888000 	C:\Windows\System32\gdi32full.dll
0x00007ffe9d410000 - 0x00007ffe9d4aa000 	C:\Windows\System32\msvcp_win.dll
0x00000197b5ea0000 - 0x00000197b5fb1000 	C:\Windows\System32\ucrtbase.dll
0x00007ffe88b20000 - 0x00007ffe88b3b000 	C:\Program Files\Java\jdk-17\bin\VCRUNTIME140.dll
0x00007ffe93f30000 - 0x00007ffe941c3000 	C:\Windows\WinSxS\amd64_microsoft.windows.common-controls_6595b64144ccf1df_6.0.22621.3235_none_270f74e173860f98\COMCTL32.dll
0x00007ffe949b0000 - 0x00007ffe949ba000 	C:\Windows\SYSTEM32\VERSION.dll
0x00007ffe9f810000 - 0x00007ffe9f82e000 	C:\Windows\System32\cyvera.dll
0x00007ffe9f7a0000 - 0x00007ffe9f80e000 	C:\Windows\System32\cyvrtrap.dll
0x00007ffe9e1d0000 - 0x00007ffe9e201000 	C:\Windows\System32\IMM32.DLL
0x000000006fdc0000 - 0x000000006fe32000 	C:\Windows\System32\QIPCAP64.dll
0x00007ffe9e210000 - 0x00007ffe9ea6d000 	C:\Windows\System32\SHELL32.dll
0x00007ffe9bb30000 - 0x00007ffe9bc29000 	C:\Windows\SYSTEM32\DNSAPI.dll
0x00007ffe9bb00000 - 0x00007ffe9bb2d000 	C:\Windows\SYSTEM32\IPHLPAPI.DLL
0x00007ffe9f400000 - 0x00007ffe9f409000 	C:\Windows\System32\NSI.dll
0x00007ffe8fd00000 - 0x00007ffe8fd0c000 	C:\Program Files\Java\jdk-17\bin\vcruntime140_1.dll
0x00007ffe7e080000 - 0x00007ffe7e10e000 	C:\Program Files\Java\jdk-17\bin\msvcp140.dll
0x00007ffe598d0000 - 0x00007ffe5a4af000 	C:\Program Files\Java\jdk-17\bin\server\jvm.dll
0x00007ffe9f5e0000 - 0x00007ffe9f5e8000 	C:\Windows\System32\PSAPI.DLL
0x00007ffe8f630000 - 0x00007ffe8f639000 	C:\Windows\SYSTEM32\WSOCK32.dll
0x00007ffe9f430000 - 0x00007ffe9f4a1000 	C:\Windows\System32\WS2_32.dll
0x00007ffe97f70000 - 0x00007ffe97fa4000 	C:\Windows\SYSTEM32\WINMM.dll
0x00007ffe9c270000 - 0x00007ffe9c288000 	C:\Windows\SYSTEM32\kernel.appcore.dll
0x00007ffe8d340000 - 0x00007ffe8d34a000 	C:\Program Files\Java\jdk-17\bin\jimage.dll
0x00007ffe9ab40000 - 0x00007ffe9ad73000 	C:\Windows\SYSTEM32\DBGHELP.DLL
0x00007ffe9ed40000 - 0x00007ffe9f0c8000 	C:\Windows\System32\combase.dll
0x00007ffe9f680000 - 0x00007ffe9f757000 	C:\Windows\System32\OLEAUT32.dll
0x00007ffe93400000 - 0x00007ffe93432000 	C:\Windows\SYSTEM32\dbgcore.DLL
0x00007ffe9d390000 - 0x00007ffe9d40a000 	C:\Windows\System32\bcryptPrimitives.dll
0x00007ffe8ccd0000 - 0x00007ffe8ccde000 	C:\Program Files\Java\jdk-17\bin\instrument.dll
0x00007ffe87190000 - 0x00007ffe871b5000 	C:\Program Files\Java\jdk-17\bin\java.dll
0x00007ffe9f760000 - 0x00007ffe9f797000 	C:\Program Files\Palo Alto Networks\Traps\cyjagent.dll
0x00007ffe7dfa0000 - 0x00007ffe7e077000 	C:\Program Files\Java\jdk-17\bin\jsvml.dll
0x00007ffe9afb0000 - 0x00007ffe9b8a8000 	C:\Windows\SYSTEM32\windows.storage.dll
0x00007ffe9ae70000 - 0x00007ffe9afae000 	C:\Windows\SYSTEM32\wintypes.dll
0x000001981e100000 - 0x000001981e1f3000 	C:\Windows\System32\SHCORE.dll
0x00007ffe9f0d0000 - 0x00007ffe9f12e000 	C:\Windows\System32\shlwapi.dll
0x00007ffe9d160000 - 0x00007ffe9d186000 	C:\Windows\SYSTEM32\profapi.dll
0x00007ffe872c0000 - 0x00007ffe872d8000 	C:\Program Files\Java\jdk-17\bin\zip.dll
0x00007ffe88b00000 - 0x00007ffe88b19000 	C:\Program Files\Java\jdk-17\bin\net.dll
0x00007ffe985b0000 - 0x00007ffe986e7000 	C:\Windows\SYSTEM32\WINHTTP.dll
0x00007ffe9c6f0000 - 0x00007ffe9c759000 	C:\Windows\system32\mswsock.dll
0x00007ffe88230000 - 0x00007ffe88246000 	C:\Program Files\Java\jdk-17\bin\nio.dll
0x00007ffe85190000 - 0x00007ffe851aa000 	D:\IntelliJ IDEA Community Edition 2023.3.2\bin\breakgen64.dll

dbghelp: loaded successfully - version: 4.0.5 - missing functions: none
symbol engine: initialized successfully - sym options: 0x614 - pdb path: .;C:\Program Files\Java\jdk-17\bin;C:\Windows\SYSTEM32;C:\Windows\WinSxS\amd64_microsoft.windows.common-controls_6595b64144ccf1df_6.0.22621.3235_none_270f74e173860f98;C:\Program Files\Java\jdk-17\bin\server;C:\Program Files\Palo Alto Networks\Traps;D:\IntelliJ IDEA Community Edition 2023.3.2\bin

VM Arguments:
jvm_args: -javaagent:D:\IntelliJ IDEA Community Edition 2023.3.2\lib\idea_rt.jar=51715:D:\IntelliJ IDEA Community Edition 2023.3.2\bin -Dfile.encoding=UTF-8 -agentpath:C:\Program Files\Palo Alto Networks\Traps\cyjagent.dll 
java_command: AdvancedJava.HashMapDemo
java_class_path (initial): C:\Users\lalit.pmloyal\IdeaProjects\LalitJava\out\production\LalitJava
Launcher Type: SUN_STANDARD

[Global flags]
     intx CICompilerCount                          = 4                                         {product} {ergonomic}
     uint ConcGCThreads                            = 2                                         {product} {ergonomic}
     uint G1ConcRefinementThreads                  = 8                                         {product} {ergonomic}
   size_t G1HeapRegionSize                         = 2097152                                   {product} {ergonomic}
    uintx GCDrainStackTargetSize                   = 64                                        {product} {ergonomic}
   size_t InitialHeapSize                          = 199229440                                 {product} {ergonomic}
   size_t MarkStackSize                            = 4194304                                   {product} {ergonomic}
   size_t MaxHeapSize                              = 3168796672                                {product} {ergonomic}
   size_t MaxNewSize                               = 1900019712                                {product} {ergonomic}
   size_t MinHeapDeltaBytes                        = 2097152                                   {product} {ergonomic}
   size_t MinHeapSize                              = 8388608                                   {product} {ergonomic}
    uintx NonNMethodCodeHeapSize                   = 5839372                                {pd product} {ergonomic}
    uintx NonProfiledCodeHeapSize                  = 122909434                              {pd product} {ergonomic}
    uintx ProfiledCodeHeapSize                     = 122909434                              {pd product} {ergonomic}
    uintx ReservedCodeCacheSize                    = 251658240                              {pd product} {ergonomic}
     bool SegmentedCodeCache                       = true                                      {product} {ergonomic}
   size_t SoftMaxHeapSize                          = 3168796672                             {manageable} {ergonomic}
     bool UseCompressedClassPointers               = true                           {product lp64_product} {ergonomic}
     bool UseCompressedOops                        = true                           {product lp64_product} {ergonomic}
     bool UseG1GC                                  = true                                      {product} {ergonomic}
     bool UseLargePagesIndividualAllocation        = false                                  {pd product} {ergonomic}

Logging:
Log output configuration:
 #0: stdout all=warning uptime,level,tags
 #1: stderr all=off uptime,level,tags

Environment Variables:
JAVA_HOME=C:\Program Files\Java\jdk-17
PATH=C:\Program Files\Common Files\Oracle\Java\javapath;C:\Python312\Scripts\;C:\Python312\;C:\Windows\system32;C:\Windows;C:\Windows\System32\Wbem;C:\Windows\System32\WindowsPowerShell\v1.0\;C:\Windows\System32\OpenSSH\;C:\Program Files (x86)\Microsoft SQL Server\160\DTS\Binn\;C:\Program Files\Azure Data Studio\bin;C:\Program Files\Java\jdk-17\bin;C:\ProgramData\chocolatey\bin;C:\Users\lalit.pmloyal\AppData\Local\Android\Sdk\tools\bin;C:\Users\lalit.pmloyal\AppData\Local\Android\Sdk\tools;C:\Users\lalit.pmloyal\AppData\Local\Android\Sdk\platform-tools;C:\Program Files\nodejs\node_modules\npm\bin;C:\Program Files\nodejs\;C:\Users\lalit.pmloyal\AppData\Local\Microsoft\WindowsApps;C:\Users\lalit.pmloyal\AppData\Local\Programs\Microsoft VS Code\bin;D:\IntelliJ IDEA Community Edition 2023.3.2\bin;;C:\Users\lalit.pmloyal\AppData\Roaming\npm;C:\Users\lalit.pmloyal\AppData\Local\Programs\Git\cmd
USERNAME=lalit.shiv
OS=Windows_NT
PROCESSOR_IDENTIFIER=Intel64 Family 6 Model 126 Stepping 5, GenuineIntel



---------------  S Y S T E M  ---------------

OS:
 Windows 11 , 64 bit Build 22621 (10.0.22621.3235)
OS uptime: 0 days 19:22 hours

CPU: total 8 (initial active 8) (4 cores per cpu, 2 threads per core) family 6 model 126 stepping 5 microcode 0xa8, cx8, cmov, fxsr, ht, mmx, 3dnowpref, sse, sse2, sse3, ssse3, sse4.1, sse4.2, popcnt, lzcnt, tsc, tscinvbit, avx, avx2, aes, erms, clmul, bmi1, bmi2, adx, avx512f, avx512dq, avx512cd, avx512bw, avx512vl, sha, fma, vzeroupper, avx512_vpopcntdq, avx512_vpclmulqdq, avx512_vaes, avx512_vnni, clflush, clflushopt, avx512_vbmi2, avx512_vbmi

Memory: 4k page, system-wide physical 12083M (4050M free)
TotalPageFile size 24883M (AvailPageFile size 13504M)
current process WorkingSet (physical memory assigned to process): 42M, peak: 42M
current process commit charge ("private bytes"): 279M, peak: 279M

vm_info: Java HotSpot(TM) 64-Bit Server VM (17.0.10+11-LTS-240) for windows-amd64 JRE (17.0.10+11-LTS-240), built on Dec 19 2023 21:47:25 by "mach5one" with MS VC++ 17.1 (VS2022)

END.
